This is pTeX, Version 3.141592-p3.1.9 (sjis) (Web2C 7.5.4) (format=platex-sjis 2005.11.2)  27 JAN 2013 18:58
**1introduction.tex
(./1introduction.tex
pLaTeX2e <2005/01/04>+0 (based on LaTeX2e <2003/12/01> patch level 0)
(/usr/local/share/texmf/ptex/platex/base/jreport.cls
Document Class: jreport 2002/04/09 v1.4 Standard pLaTeX class
\c@@paper=\count81
(/usr/local/share/texmf/ptex/platex/base/jsize11.clo
File: jsize11.clo 2002/04/09 v1.4 Standard pLaTeX file (size option)
)
\c@part=\count82
\c@chapter=\count83
\c@section=\count84
\c@subsection=\count85
\c@subsubsection=\count86
\c@paragraph=\count87
\c@subparagraph=\count88
\c@figure=\count89
\c@table=\count90
\abovecaptionskip=\skip41
\belowcaptionskip=\skip42
\symmincho=\mathgroup4
LaTeX Font Info:    Overwriting symbol font `mincho' in version `bold'
(Font)                  JY1/mc/m/n --> JY1/gt/m/n on input line 673.
LaTeX Info: Redefining \mathrm on input line 675.
LaTeX Info: Redefining \mathbf on input line 676.
\toclineskip=\dimen118
\@lnumwidth=\dimen119
\bibindent=\dimen120
\heisei=\count91
)
(/usr/local/share/texmf/tex/latex/fancyhdr.sty
\fancy@headwidth=\skip43
\f@ncyO@elh=\skip44
\f@ncyO@erh=\skip45
\f@ncyO@olh=\skip46
\f@ncyO@orh=\skip47
\f@ncyO@elf=\skip48
\f@ncyO@erf=\skip49
\f@ncyO@olf=\skip50
\f@ncyO@orf=\skip51
)
\@input{begin.aux}
\openout2 = `begin.aux'.

(./begin.tex (./systhesis.sty
\vspacetitle=\dimen121
\vspaceabstract=\dimen122
\c@theorem=\count92
)
(/usr/local/share/texmf/ptex/platex/base/ascmac.sty
(/usr/local/share/texmf/ptex/platex/base/tascmac.sty
\@savetbaselineshift=\dimen123
\@saveybaselineshift=\dimen124
\scb@x=\box41
\scscb@x=\box42
\@bw=\dimen125
\@nbox=\box43
\@nbody=\box44
\@scw=\dimen126
\@itemh=\dimen127
\@iboxpos=\toks15
\@iboxstr=\box45
\@bwsp=\box46
\@@bwsp=\box47
\@bcal=\count93
\shaderule=\dimen128
))
(/usr/local/share/texmf-dist/tex/latex/graphics/graphicx.sty
Package: graphicx 1999/02/16 v1.0f Enhanced LaTeX Graphics (DPC,SPQR)

(/usr/local/share/texmf-dist/tex/latex/graphics/keyval.sty
Package: keyval 1999/03/16 v1.13 key=value parser (DPC)
\KV@toks@=\toks16
)
(/usr/local/share/texmf-dist/tex/latex/graphics/graphics.sty
Package: graphics 2006/02/20 v1.0o Standard LaTeX Graphics (DPC,SPQR)

(/usr/local/share/texmf-dist/tex/latex/graphics/trig.sty
Package: trig 1999/03/16 v1.09 sin cos tan (DPC)
)
(/usr/local/share/texmf-dist/tex/latex/graphics/graphics.cfg
File: graphics.cfg 2005/02/03 v1.3 graphics configuration of teTeX/TeXLive
)
Package graphics Info: Driver file: dvipdfm.def on input line 90.

(/usr/local/share/texmf-dist/tex/latex/dvipdfm/dvipdfm.def
File: dvipdfm.def 1999/9/6 vx.x Driver-dependant file
))
\Gin@req@height=\dimen129
\Gin@req@width=\dimen130
)
No file 1introduction.aux.
\openout1 = `1introduction.aux'.

LaTeX Font Info:    Checking defaults for OML/cmm/m/it on input line 12.
LaTeX Font Info:    ... okay on input line 12.
LaTeX Font Info:    Checking defaults for T1/cmr/m/n on input line 12.
LaTeX Font Info:    ... okay on input line 12.
LaTeX Font Info:    Checking defaults for OT1/cmr/m/n on input line 12.
LaTeX Font Info:    ... okay on input line 12.
LaTeX Font Info:    Checking defaults for OMS/cmsy/m/n on input line 12.
LaTeX Font Info:    ... okay on input line 12.
LaTeX Font Info:    Checking defaults for OMX/cmex/m/n on input line 12.
LaTeX Font Info:    ... okay on input line 12.
LaTeX Font Info:    Checking defaults for U/cmr/m/n on input line 12.
LaTeX Font Info:    ... okay on input line 12.
LaTeX Font Info:    Checking defaults for JY1/mc/m/n on input line 12.
LaTeX Font Info:    ... okay on input line 12.
LaTeX Font Info:    Checking defaults for JT1/mc/m/n on input line 12.
LaTeX Font Info:    ... okay on input line 12.
)
ëÊ 1 èÕ
LaTeX Font Info:    Font shape `JT1/mc/bx/n' in size <20.74> not available
(Font)              Font shape `JT1/gt/m/n' tried instead on input line 11.
LaTeX Font Info:    Font shape `JY1/mc/bx/n' in size <20.74> not available
(Font)              Font shape `JY1/gt/m/n' tried instead on input line 11.
LaTeX Font Info:    Font shape `JT1/mc/bx/n' in size <14.4> not available
(Font)              Font shape `JT1/gt/m/n' tried instead on input line 12.
LaTeX Font Info:    Font shape `JY1/mc/bx/n' in size <14.4> not available
(Font)              Font shape `JY1/gt/m/n' tried instead on input line 12.
[1




]
LaTeX Font Info:    Font shape `JT1/mc/bx/n' in size <10.95> not available
(Font)              Font shape `JT1/gt/m/n' tried instead on input line 17.
LaTeX Font Info:    Font shape `JY1/mc/bx/n' in size <10.95> not available
(Font)              Font shape `JY1/gt/m/n' tried instead on input line 17.


LaTeX Warning: Citation `Umeda2006' on page 2 undefined on input line 17.


LaTeX Warning: Citation `Twitter' on page 2 undefined on input line 17.


LaTeX Warning: Citation `Eda2009' on page 2 undefined on input line 17.


LaTeX Warning: Citation `Keizai2007' on page 2 undefined on input line 17.


LaTeX Warning: Citation `Uehara1995' on page 2 undefined on input line 24.

LaTeX Font Info:    Try loading font information for OMS+cmr on input line 33.
(/usr/local/share/texmf-dist/tex/latex/base/omscmr.fd
File: omscmr.fd 1999/05/25 v2.5h Standard LaTeX font definitions
)
LaTeX Font Info:    Font shape `OMS/cmr/m/n' in size <10.95> not available
(Font)              Font shape `OMS/cmsy/m/n' tried instead on input line 33.


Package Fancyhdr Warning: \headheight is too small (12.0pt): 
 Make it at least 15.49998pt.
 We now make it that large for the rest of the document.
 This may cause the page layout to be inconsistent, however.

[2]

LaTeX Warning: Citation `Loeb1992' on page 3 undefined on input line 55.


LaTeX Warning: Citation `Resnick1997' on page 3 undefined on input line 58.

[3]
LaTeX Font Info:    External font `cmex10' loaded for size
(Font)              <10.95> on input line 82.
LaTeX Font Info:    External font `cmex10' loaded for size
(Font)              <8> on input line 82.
LaTeX Font Info:    External font `cmex10' loaded for size
(Font)              <6> on input line 82.
 [4]

LaTeX Warning: Reference `fig:configuration' on page 5 undefined on input line 
122.

LaTeX Font Info:    Font shape `JT1/mc/bx/n' in size <12> not available
(Font)              Font shape `JT1/gt/m/n' tried instead on input line 124.
LaTeX Font Info:    Font shape `JY1/mc/bx/n' in size <12> not available
(Font)              Font shape `JY1/gt/m/n' tried instead on input line 124.
[5]
File: figure/configuration2.eps Graphic file (type eps)
 <figure/configuration2.eps> [6]
\openout2 = `end.aux'.

 (./end.tex (./1introduction.aux (./end.aux))

LaTeX Warning: There were undefined references.


LaTeX Warning: Label(s) may have changed. Rerun to get cross-references right.

 ) )
(\end occurred when \iftrue on line 153 was incomplete)
(\end occurred when \ifnum on line 153 was incomplete) 
Here is how much of TeX's memory you used:
 886 strings out of 95552
 10123 string characters out of 1187504
 63531 words of memory out of 1000000
 4054 multiletter control sequences out of 10000+50000
 15796 words of font info for 62 fonts, out of 500000 for 2000
 14 hyphenation exceptions out of 1000
 29i,10n,43p,1078b,500s stack positions out of 1500i,500n,5000p,200000b,5000s

Output written on 1introduction.dvi (6 pages, 20532 bytes).
