This is pTeX, Version 3.141592-p3.1.9 (sjis) (Web2C 7.5.4) (format=platex-sjis 2005.11.2)  29 NOV 2012 09:38
**3selectbukuma.tex
(./3selectbukuma.tex
pLaTeX2e <2005/01/04>+0 (based on LaTeX2e <2003/12/01> patch level 0)
(/usr/local/share/texmf/ptex/platex/base/jreport.cls
Document Class: jreport 2002/04/09 v1.4 Standard pLaTeX class
\c@@paper=\count81
(/usr/local/share/texmf/ptex/platex/base/jsize11.clo
File: jsize11.clo 2002/04/09 v1.4 Standard pLaTeX file (size option)
)
\c@part=\count82
\c@chapter=\count83
\c@section=\count84
\c@subsection=\count85
\c@subsubsection=\count86
\c@paragraph=\count87
\c@subparagraph=\count88
\c@figure=\count89
\c@table=\count90
\abovecaptionskip=\skip41
\belowcaptionskip=\skip42
\symmincho=\mathgroup4
LaTeX Font Info:    Overwriting symbol font `mincho' in version `bold'
(Font)                  JY1/mc/m/n --> JY1/gt/m/n on input line 673.
LaTeX Info: Redefining \mathrm on input line 675.
LaTeX Info: Redefining \mathbf on input line 676.
\toclineskip=\dimen118
\@lnumwidth=\dimen119
\bibindent=\dimen120
\heisei=\count91
)
\@input{begin.aux}
\openout2 = `begin.aux'.

(./begin.tex (./systhesis.sty
\vspacetitle=\dimen121
\vspaceabstract=\dimen122
\c@theorem=\count92
)
(/usr/local/share/texmf/ptex/platex/base/ascmac.sty
(/usr/local/share/texmf/ptex/platex/base/tascmac.sty
\@savetbaselineshift=\dimen123
\@saveybaselineshift=\dimen124
\scb@x=\box41
\scscb@x=\box42
\@bw=\dimen125
\@nbox=\box43
\@nbody=\box44
\@scw=\dimen126
\@itemh=\dimen127
\@iboxpos=\toks15
\@iboxstr=\box45
\@bwsp=\box46
\@@bwsp=\box47
\@bcal=\count93
\shaderule=\dimen128
))
(/usr/local/share/texmf-dist/tex/latex/graphics/graphicx.sty
Package: graphicx 1999/02/16 v1.0f Enhanced LaTeX Graphics (DPC,SPQR)

(/usr/local/share/texmf-dist/tex/latex/graphics/keyval.sty
Package: keyval 1999/03/16 v1.13 key=value parser (DPC)
\KV@toks@=\toks16
)
(/usr/local/share/texmf-dist/tex/latex/graphics/graphics.sty
Package: graphics 2006/02/20 v1.0o Standard LaTeX Graphics (DPC,SPQR)

(/usr/local/share/texmf-dist/tex/latex/graphics/trig.sty
Package: trig 1999/03/16 v1.09 sin cos tan (DPC)
)
(/usr/local/share/texmf-dist/tex/latex/graphics/graphics.cfg
File: graphics.cfg 2005/02/03 v1.3 graphics configuration of teTeX/TeXLive
)
Package graphics Info: Driver file: dvipdfm.def on input line 90.

(/usr/local/share/texmf-dist/tex/latex/dvipdfm/dvipdfm.def
File: dvipdfm.def 1999/9/6 vx.x Driver-dependant file
))
\Gin@req@height=\dimen129
\Gin@req@width=\dimen130
)
(./3selectbukuma.aux (./end.aux))
\openout1 = `3selectbukuma.aux'.

LaTeX Font Info:    Checking defaults for OML/cmm/m/it on input line 12.
LaTeX Font Info:    ... okay on input line 12.
LaTeX Font Info:    Checking defaults for T1/cmr/m/n on input line 12.
LaTeX Font Info:    ... okay on input line 12.
LaTeX Font Info:    Checking defaults for OT1/cmr/m/n on input line 12.
LaTeX Font Info:    ... okay on input line 12.
LaTeX Font Info:    Checking defaults for OMS/cmsy/m/n on input line 12.
LaTeX Font Info:    ... okay on input line 12.
LaTeX Font Info:    Checking defaults for OMX/cmex/m/n on input line 12.
LaTeX Font Info:    ... okay on input line 12.
LaTeX Font Info:    Checking defaults for U/cmr/m/n on input line 12.
LaTeX Font Info:    ... okay on input line 12.
LaTeX Font Info:    Checking defaults for JY1/mc/m/n on input line 12.
LaTeX Font Info:    ... okay on input line 12.
LaTeX Font Info:    Checking defaults for JT1/mc/m/n on input line 12.
LaTeX Font Info:    ... okay on input line 12.
)
第 1 章
LaTeX Font Info:    Font shape `JT1/mc/bx/n' in size <20.74> not available
(Font)              Font shape `JT1/gt/m/n' tried instead on input line 4.
LaTeX Font Info:    Font shape `JY1/mc/bx/n' in size <20.74> not available
(Font)              Font shape `JY1/gt/m/n' tried instead on input line 4.
LaTeX Font Info:    Font shape `JT1/mc/bx/n' in size <14.4> not available
(Font)              Font shape `JT1/gt/m/n' tried instead on input line 5.
LaTeX Font Info:    Font shape `JY1/mc/bx/n' in size <14.4> not available
(Font)              Font shape `JY1/gt/m/n' tried instead on input line 5.
[1




]
LaTeX Font Info:    Font shape `JT1/mc/bx/n' in size <12> not available
(Font)              Font shape `JT1/gt/m/n' tried instead on input line 15.
LaTeX Font Info:    Font shape `JY1/mc/bx/n' in size <12> not available
(Font)              Font shape `JY1/gt/m/n' tried instead on input line 15.
LaTeX Font Info:    Font shape `JT1/mc/bx/n' in size <10.95> not available
(Font)              Font shape `JT1/gt/m/n' tried instead on input line 16.
LaTeX Font Info:    Font shape `JY1/mc/bx/n' in size <10.95> not available
(Font)              Font shape `JY1/gt/m/n' tried instead on input line 16.


LaTeX Warning: Citation `hatebu' on page 2 undefined on input line 16.

LaTeX Font Info:    Try loading font information for OMS+cmr on input line 19.
(/usr/local/share/texmf-dist/tex/latex/base/omscmr.fd
File: omscmr.fd 1999/05/25 v2.5h Standard LaTeX font definitions
)
LaTeX Font Info:    Font shape `OMS/cmr/m/n' in size <10.95> not available
(Font)              Font shape `OMS/cmsy/m/n' tried instead on input line 19.
LaTeX Font Info:    External font `cmex10' loaded for size
(Font)              <10.95> on input line 32.
LaTeX Font Info:    External font `cmex10' loaded for size
(Font)              <8> on input line 32.
LaTeX Font Info:    External font `cmex10' loaded for size
(Font)              <6> on input line 32.
File: figure/hatebu.eps Graphic file (type eps)
 <figure/hatebu.eps>
[2] [3]
File: figure/bookmark_date1.eps Graphic file (type eps)
 <figure/bookmark_date1.eps>
File: figure/bookmark_date2.eps Graphic file (type eps)
 <figure/bookmark_date2.eps>
File: figure/bookmark_date3.eps Graphic file (type eps)

<figure/bookmark_date3.eps>
File: figure/type_short.eps Graphic file (type eps)
 <figure/type_short.eps>
File: figure/type_long.eps Graphic file (type eps)
 <figure/type_long.eps>
[4] [5] [6]
File: figure/selectbukuma.eps Graphic file (type eps)
 <figure/selectbukuma.eps> [7] [8]

LaTeX Font Warning: Font shape `JT1/mc/m/it' undefined
(Font)              using `JT1/mc/m/n' instead on input line 189.


LaTeX Font Warning: Font shape `JY1/mc/m/it' undefined
(Font)              using `JY1/mc/m/n' instead on input line 189.

[9]
File: figure/system_configuration.eps Graphic file (type eps)
 <figure/system_configuration.eps>
File: figure/db_table.eps Graphic file (type eps)
 <figure/db_table.eps> [10] [11]
Underfull \hbox (badness 10000) in paragraph at lines 283--283
[]\OT1/cmr/m/n/10.95 Java \JY1/mc/m/it/10.95 の学習なら 、
 []


Underfull \hbox (badness 1082) in paragraph at lines 285--285
[]\JY1/mc/m/it/10.95 頑健な \OT1/cmr/m/n/10.95 Java \JY1/mc/m/it/10.95 プログラ
ム
 []


Underfull \hbox (badness 3189) in paragraph at lines 287--287
[]\JY1/mc/m/it/10.95 浅煎り珈琲\OT1/cmr/m/n/10.95 -Java \JY1/mc/m/it/10.95 アプ
リ
 []


Underfull \hbox (badness 3189) in paragraph at lines 291--291
[]\JY1/mc/m/it/10.95 浅煎り珈琲\OT1/cmr/m/n/10.95 -Java \JY1/mc/m/it/10.95 アプ
リ
 []


Underfull \hbox (badness 1824) in paragraph at lines 325--325
[]\JY1/mc/m/it/10.95 蒸しタオルを使うと酷使
 []


Underfull \hbox (badness 1635) in paragraph at lines 325--325
\JY1/mc/m/it/10.95 した目の疲れが取れる \OT1/cmr/m/n/10.95 -
 []


Underfull \hbox (badness 10000) in paragraph at lines 327--328
[]\JY1/mc/m/it/10.95 いきいき健康 \OT1/cmr/m/n/10.95 NIKKEI
 []


Underfull \hbox (badness 1824) in paragraph at lines 329--329
[]\JY1/mc/m/it/10.95 蒸しタオルを使うと酷使
 []


Underfull \hbox (badness 1635) in paragraph at lines 329--329
\JY1/mc/m/it/10.95 した目の疲れが取れる \OT1/cmr/m/n/10.95 -
 []


Underfull \hbox (badness 1436) in paragraph at lines 351--351
[]\OT1/cmr/m/n/10.95 allcinema ON-LINE \JY1/mc/m/it/10.95 映画
 []


Underfull \hbox (badness 1436) in paragraph at lines 351--351
[]\OT1/cmr/m/n/10.95 allcinema ON-LINE \JY1/mc/m/it/10.95 映画
 []


Underfull \hbox (badness 2080) in paragraph at lines 357--357
[]\OT1/cmr/m/n/10.95 CinemaScape?\JY1/mc/m/it/10.95 映画批評空
 []


Underfull \hbox (badness 2080) in paragraph at lines 359--359
[]\OT1/cmr/m/n/10.95 CinemaScape?\JY1/mc/m/it/10.95 映画批評空
 []

Missing character: There is no ^^c9 in font cmr10!
LaTeX Font Info:    External font `cmex10' loaded for size
(Font)              <7> on input line 391.
LaTeX Font Info:    External font `cmex10' loaded for size
(Font)              <5> on input line 391.
LaTeX Font Info:    Font shape `JT1/mc/bx/n' in size <10> not available
(Font)              Font shape `JT1/gt/m/n' tried instead on input line 393.
LaTeX Font Info:    Font shape `JY1/mc/bx/n' in size <10> not available
(Font)              Font shape `JY1/gt/m/n' tried instead on input line 393.

Underfull \hbox (badness 10000) in paragraph at lines 393--394
[]\OT1/cmr/bx/n/10 Google
 []

[12] [13] [14] [15] [16]
Underfull \hbox (badness 10000) in paragraph at lines 435--436
[]\OT1/cmr/bx/n/10 Google
 []

[17

]
Underfull \hbox (badness 10000) in paragraph at lines 505--506
[]\OT1/cmr/bx/n/10 Google
 []

[18

]
Underfull \hbox (badness 10000) in paragraph at lines 554--555
[]\OT1/cmr/bx/n/10 Google
 []

[19]
Underfull \hbox (badness 10000) in paragraph at lines 630--631
[]\OT1/cmr/bx/n/10 Google
 []

[20


]
Underfull \hbox (badness 10000) in paragraph at lines 684--685
[]\OT1/cmr/bx/n/10 Google
 []

Missing character: There is no ^^c9 in font cmr10!
[21] [22


]
File: figure/precision_javanum.eps Graphic file (type eps)
 <figure/precision_javanum.eps>
File: figure/precision_javapoint.eps Graphic file (type eps)
 <figure/precision_javapoint.eps>
[23

]
File: figure/precision_kenkounum.eps Graphic file (type eps)
 <figure/precision_kenkounum.eps>
File: figure/precision_kenkoupoint.eps Graphic file (type eps)
 <figure/precision_kenkoupoint.eps>
[24

]
File: figure/precision_eiganum.eps Graphic file (type eps)
 <figure/precision_eiganum.eps>
File: figure/precision_eigapoint.eps Graphic file (type eps)
 <figure/precision_eigapoint.eps> [25

]
[26

] [27] [28] [29] [30]
\openout2 = `end.aux'.

 (./end.tex (./3selectbukuma.aux (./end.aux))

LaTeX Font Warning: Some font shapes were not available, defaults substituted.


LaTeX Warning: There were undefined references.


LaTeX Warning: Label(s) may have changed. Rerun to get cross-references right.

 ) )
(\end occurred when \iftrue on line 1028 was incomplete)
(\end occurred when \ifnum on line 1028 was incomplete) 
Here is how much of TeX's memory you used:
 829 strings out of 95552
 10207 string characters out of 1187504
 81619 words of memory out of 1000000
 3982 multiletter control sequences out of 10000+50000
 16450 words of font info for 64 fonts, out of 500000 for 2000
 14 hyphenation exceptions out of 1000
 29i,9n,23p,884b,509s stack positions out of 1500i,500n,5000p,200000b,5000s

Output written on 3selectbukuma.dvi (30 pages, 111972 bytes).
