This is pTeX, Version 3.141592-p3.1.9 (sjis) (Web2C 7.5.4) (format=platex-sjis 2005.11.2)  29 NOV 2012 11:44
**4masteryeye.tex
(./4masteryeye.tex
pLaTeX2e <2005/01/04>+0 (based on LaTeX2e <2003/12/01> patch level 0)
(/usr/local/share/texmf/ptex/platex/base/jreport.cls
Document Class: jreport 2002/04/09 v1.4 Standard pLaTeX class
\c@@paper=\count81
(/usr/local/share/texmf-dist/tex/latex/base/fleqn.clo
File: fleqn.clo 1998/08/17 v1.1c Standard LaTeX option (flush left equations)
\mathindent=\dimen118
)
(/usr/local/share/texmf/ptex/platex/base/jsize11.clo
File: jsize11.clo 2002/04/09 v1.4 Standard pLaTeX file (size option)
)
\c@part=\count82
\c@chapter=\count83
\c@section=\count84
\c@subsection=\count85
\c@subsubsection=\count86
\c@paragraph=\count87
\c@subparagraph=\count88
\c@figure=\count89
\c@table=\count90
\abovecaptionskip=\skip41
\belowcaptionskip=\skip42
\symmincho=\mathgroup4
LaTeX Font Info:    Overwriting symbol font `mincho' in version `bold'
(Font)                  JY1/mc/m/n --> JY1/gt/m/n on input line 673.
LaTeX Info: Redefining \mathrm on input line 675.
LaTeX Info: Redefining \mathbf on input line 676.
\toclineskip=\dimen119
\@lnumwidth=\dimen120
\bibindent=\dimen121
\heisei=\count91
)
\@input{begin.aux}
\openout2 = `begin.aux'.

(./begin.tex (./systhesis.sty
\vspacetitle=\dimen122
\vspaceabstract=\dimen123
\c@theorem=\count92
)
(/usr/local/share/texmf/ptex/platex/base/ascmac.sty
(/usr/local/share/texmf/ptex/platex/base/tascmac.sty
\@savetbaselineshift=\dimen124
\@saveybaselineshift=\dimen125
\scb@x=\box41
\scscb@x=\box42
\@bw=\dimen126
\@nbox=\box43
\@nbody=\box44
\@scw=\dimen127
\@itemh=\dimen128
\@iboxpos=\toks15
\@iboxstr=\box45
\@bwsp=\box46
\@@bwsp=\box47
\@bcal=\count93
\shaderule=\dimen129
))
(/usr/local/share/texmf-dist/tex/latex/graphics/graphicx.sty
Package: graphicx 1999/02/16 v1.0f Enhanced LaTeX Graphics (DPC,SPQR)

(/usr/local/share/texmf-dist/tex/latex/graphics/keyval.sty
Package: keyval 1999/03/16 v1.13 key=value parser (DPC)
\KV@toks@=\toks16
)
(/usr/local/share/texmf-dist/tex/latex/graphics/graphics.sty
Package: graphics 2006/02/20 v1.0o Standard LaTeX Graphics (DPC,SPQR)

(/usr/local/share/texmf-dist/tex/latex/graphics/trig.sty
Package: trig 1999/03/16 v1.09 sin cos tan (DPC)
)
(/usr/local/share/texmf-dist/tex/latex/graphics/graphics.cfg
File: graphics.cfg 2005/02/03 v1.3 graphics configuration of teTeX/TeXLive
)
Package graphics Info: Driver file: dvipdfm.def on input line 90.

(/usr/local/share/texmf-dist/tex/latex/dvipdfm/dvipdfm.def
File: dvipdfm.def 1999/9/6 vx.x Driver-dependant file
))
\Gin@req@height=\dimen130
\Gin@req@width=\dimen131
)
(./4masteryeye.aux (./end.aux))
\openout1 = `4masteryeye.aux'.

LaTeX Font Info:    Checking defaults for OML/cmm/m/it on input line 12.
LaTeX Font Info:    ... okay on input line 12.
LaTeX Font Info:    Checking defaults for T1/cmr/m/n on input line 12.
LaTeX Font Info:    ... okay on input line 12.
LaTeX Font Info:    Checking defaults for OT1/cmr/m/n on input line 12.
LaTeX Font Info:    ... okay on input line 12.
LaTeX Font Info:    Checking defaults for OMS/cmsy/m/n on input line 12.
LaTeX Font Info:    ... okay on input line 12.
LaTeX Font Info:    Checking defaults for OMX/cmex/m/n on input line 12.
LaTeX Font Info:    ... okay on input line 12.
LaTeX Font Info:    Checking defaults for U/cmr/m/n on input line 12.
LaTeX Font Info:    ... okay on input line 12.
LaTeX Font Info:    Checking defaults for JY1/mc/m/n on input line 12.
LaTeX Font Info:    ... okay on input line 12.
LaTeX Font Info:    Checking defaults for JT1/mc/m/n on input line 12.
LaTeX Font Info:    ... okay on input line 12.
)
ëÊ 1 èÕ
LaTeX Font Info:    Font shape `JT1/mc/bx/n' in size <20.74> not available
(Font)              Font shape `JT1/gt/m/n' tried instead on input line 4.
LaTeX Font Info:    Font shape `JY1/mc/bx/n' in size <20.74> not available
(Font)              Font shape `JY1/gt/m/n' tried instead on input line 4.
LaTeX Font Info:    Font shape `JT1/mc/bx/n' in size <14.4> not available
(Font)              Font shape `JT1/gt/m/n' tried instead on input line 5.
LaTeX Font Info:    Font shape `JY1/mc/bx/n' in size <14.4> not available
(Font)              Font shape `JY1/gt/m/n' tried instead on input line 5.
[1




]
LaTeX Font Info:    Font shape `JT1/mc/bx/n' in size <12> not available
(Font)              Font shape `JT1/gt/m/n' tried instead on input line 10.
LaTeX Font Info:    Font shape `JY1/mc/bx/n' in size <12> not available
(Font)              Font shape `JY1/gt/m/n' tried instead on input line 10.
LaTeX Font Info:    Font shape `JT1/mc/bx/n' in size <10.95> not available
(Font)              Font shape `JT1/gt/m/n' tried instead on input line 11.
LaTeX Font Info:    Font shape `JY1/mc/bx/n' in size <10.95> not available
(Font)              Font shape `JY1/gt/m/n' tried instead on input line 11.


LaTeX Warning: Citation `Kita2002' on page 2 undefined on input line 11.


LaTeX Warning: Citation `Kensou2004' on page 2 undefined on input line 11.


LaTeX Warning: Citation `Page1998' on page 2 undefined on input line 11.


LaTeX Warning: Citation `Kleinberg2002' on page 2 undefined on input line 11.

LaTeX Font Info:    External font `cmex10' loaded for size
(Font)              <10.95> on input line 11.
LaTeX Font Info:    External font `cmex10' loaded for size
(Font)              <8> on input line 11.
LaTeX Font Info:    External font `cmex10' loaded for size
(Font)              <6> on input line 11.

LaTeX Warning: Citation `Okumura2004' on page 2 undefined on input line 11.


LaTeX Warning: Citation `Qiu1993' on page 2 undefined on input line 20.


LaTeX Warning: Citation `Ohtsuka2005' on page 2 undefined on input line 20.

[2]

LaTeX Warning: Citation `Barabasi2002' on page 3 undefined on input line 41.


LaTeX Warning: Citation `Booth1967' on page 3 undefined on input line 41.

File: figure/ziplaw.eps Graphic file (type eps)
<figure/ziplaw.eps> [3]
LaTeX Font Info:    Try loading font information for OMS+cmr on input line 59.
 (/usr/local/share/texmf-dist/tex/latex/base/omscmr.fd
File: omscmr.fd 1999/05/25 v2.5h Standard LaTeX font definitions
)
LaTeX Font Info:    Font shape `OMS/cmr/m/n' in size <10.95> not available
(Font)              Font shape `OMS/cmsy/m/n' tried instead on input line 59.
File: figure/mas_result.eps Graphic file (type eps)

<figure/mas_result.eps> [4] [5] [6] [7] [8] [9] [10]
\openout2 = `end.aux'.

 (./end.tex
(./4masteryeye.aux (./end.aux))

LaTeX Warning: There were undefined references.

 ) )
(\end occurred when \iftrue on line 381 was incomplete)
(\end occurred when \ifnum on line 381 was incomplete) 
Here is how much of TeX's memory you used:
 784 strings out of 95552
 9241 string characters out of 1187504
 74779 words of memory out of 1000000
 3948 multiletter control sequences out of 10000+50000
 15796 words of font info for 62 fonts, out of 500000 for 2000
 14 hyphenation exceptions out of 1000
 29i,9n,24p,882b,397s stack positions out of 1500i,500n,5000p,200000b,5000s

Output written on 4masteryeye.dvi (10 pages, 44396 bytes).
