This is pTeX, Version 3.141592-p3.1.9 (sjis) (Web2C 7.5.4) (format=platex-sjis 2005.11.2)  3 DEC 2012 16:05
**6related.tex
(./6related.tex
pLaTeX2e <2005/01/04>+0 (based on LaTeX2e <2003/12/01> patch level 0)
(/usr/local/share/texmf/ptex/platex/base/jreport.cls
Document Class: jreport 2002/04/09 v1.4 Standard pLaTeX class
\c@@paper=\count81
(/usr/local/share/texmf/ptex/platex/base/jsize11.clo
File: jsize11.clo 2002/04/09 v1.4 Standard pLaTeX file (size option)
)
\c@part=\count82
\c@chapter=\count83
\c@section=\count84
\c@subsection=\count85
\c@subsubsection=\count86
\c@paragraph=\count87
\c@subparagraph=\count88
\c@figure=\count89
\c@table=\count90
\abovecaptionskip=\skip41
\belowcaptionskip=\skip42
\symmincho=\mathgroup4
LaTeX Font Info:    Overwriting symbol font `mincho' in version `bold'
(Font)                  JY1/mc/m/n --> JY1/gt/m/n on input line 673.
LaTeX Info: Redefining \mathrm on input line 675.
LaTeX Info: Redefining \mathbf on input line 676.
\toclineskip=\dimen118
\@lnumwidth=\dimen119
\bibindent=\dimen120
\heisei=\count91
)
\@input{begin.aux}
\openout2 = `begin.aux'.

(./begin.tex (./systhesis.sty
\vspacetitle=\dimen121
\vspaceabstract=\dimen122
\c@theorem=\count92
)
(/usr/local/share/texmf/ptex/platex/base/ascmac.sty
(/usr/local/share/texmf/ptex/platex/base/tascmac.sty
\@savetbaselineshift=\dimen123
\@saveybaselineshift=\dimen124
\scb@x=\box41
\scscb@x=\box42
\@bw=\dimen125
\@nbox=\box43
\@nbody=\box44
\@scw=\dimen126
\@itemh=\dimen127
\@iboxpos=\toks15
\@iboxstr=\box45
\@bwsp=\box46
\@@bwsp=\box47
\@bcal=\count93
\shaderule=\dimen128
))
(/usr/local/share/texmf-dist/tex/latex/graphics/graphicx.sty
Package: graphicx 1999/02/16 v1.0f Enhanced LaTeX Graphics (DPC,SPQR)

(/usr/local/share/texmf-dist/tex/latex/graphics/keyval.sty
Package: keyval 1999/03/16 v1.13 key=value parser (DPC)
\KV@toks@=\toks16
)
(/usr/local/share/texmf-dist/tex/latex/graphics/graphics.sty
Package: graphics 2006/02/20 v1.0o Standard LaTeX Graphics (DPC,SPQR)

(/usr/local/share/texmf-dist/tex/latex/graphics/trig.sty
Package: trig 1999/03/16 v1.09 sin cos tan (DPC)
)
(/usr/local/share/texmf-dist/tex/latex/graphics/graphics.cfg
File: graphics.cfg 2005/02/03 v1.3 graphics configuration of teTeX/TeXLive
)
Package graphics Info: Driver file: dvipdfm.def on input line 90.

(/usr/local/share/texmf-dist/tex/latex/dvipdfm/dvipdfm.def
File: dvipdfm.def 1999/9/6 vx.x Driver-dependant file
))
\Gin@req@height=\dimen129
\Gin@req@width=\dimen130
) (./6related.aux
(./end.aux))
\openout1 = `6related.aux'.

LaTeX Font Info:    Checking defaults for OML/cmm/m/it on input line 12.
LaTeX Font Info:    ... okay on input line 12.
LaTeX Font Info:    Checking defaults for T1/cmr/m/n on input line 12.
LaTeX Font Info:    ... okay on input line 12.
LaTeX Font Info:    Checking defaults for OT1/cmr/m/n on input line 12.
LaTeX Font Info:    ... okay on input line 12.
LaTeX Font Info:    Checking defaults for OMS/cmsy/m/n on input line 12.
LaTeX Font Info:    ... okay on input line 12.
LaTeX Font Info:    Checking defaults for OMX/cmex/m/n on input line 12.
LaTeX Font Info:    ... okay on input line 12.
LaTeX Font Info:    Checking defaults for U/cmr/m/n on input line 12.
LaTeX Font Info:    ... okay on input line 12.
LaTeX Font Info:    Checking defaults for JY1/mc/m/n on input line 12.
LaTeX Font Info:    ... okay on input line 12.
LaTeX Font Info:    Checking defaults for JT1/mc/m/n on input line 12.
LaTeX Font Info:    ... okay on input line 12.
)
ëÊ 1 èÕ
LaTeX Font Info:    Font shape `JT1/mc/bx/n' in size <20.74> not available
(Font)              Font shape `JT1/gt/m/n' tried instead on input line 4.
LaTeX Font Info:    Font shape `JY1/mc/bx/n' in size <20.74> not available
(Font)              Font shape `JY1/gt/m/n' tried instead on input line 4.
LaTeX Font Info:    Font shape `JT1/mc/bx/n' in size <14.4> not available
(Font)              Font shape `JT1/gt/m/n' tried instead on input line 5.
LaTeX Font Info:    Font shape `JY1/mc/bx/n' in size <14.4> not available
(Font)              Font shape `JY1/gt/m/n' tried instead on input line 5.
[1




]
LaTeX Font Info:    Font shape `JT1/mc/bx/n' in size <10.95> not available
(Font)              Font shape `JT1/gt/m/n' tried instead on input line 9.
LaTeX Font Info:    Font shape `JY1/mc/bx/n' in size <10.95> not available
(Font)              Font shape `JY1/gt/m/n' tried instead on input line 9.


LaTeX Warning: Citation `Kita2002' on page 2 undefined on input line 9.


LaTeX Warning: Citation `Shin2004' on page 2 undefined on input line 9.


LaTeX Warning: Citation `Tsuda2000' on page 2 undefined on input line 9.


LaTeX Warning: Citation `Shoji2011' on page 2 undefined on input line 16.


LaTeX Warning: Citation `Murata2009' on page 2 undefined on input line 18.


LaTeX Warning: Citation `Matsui2011' on page 2 undefined on input line 20.


LaTeX Warning: Citation `White2007' on page 2 undefined on input line 22.


LaTeX Warning: Citation `Agichtein2006' on page 2 undefined on input line 24.


LaTeX Warning: Citation `Morris2007' on page 2 undefined on input line 26.


LaTeX Warning: Citation `Yoshida2007' on page 2 undefined on input line 31.


LaTeX Warning: Citation `Riecken2000' on page 2 undefined on input line 37.


LaTeX Warning: Citation `matsumoto2001' on page 2 undefined on input line 39.


LaTeX Warning: Citation `Kawai2005' on page 2 undefined on input line 39.


LaTeX Warning: Citation `Resnick1994' on page 2 undefined on input line 41.


LaTeX Warning: Citation `Breese1998' on page 2 undefined on input line 41.


LaTeX Warning: Citation `Fukuhara1998' on page 2 undefined on input line 41.


LaTeX Warning: Citation `Amazon' on page 2 undefined on input line 41.


LaTeX Warning: Citation `Kamishima2008' on page 2 undefined on input line 43.


LaTeX Warning: Citation `Kleinberg2008' on page 2 undefined on input line 43.

[2]
LaTeX Font Info:    Font shape `JT1/mc/bx/n' in size <12> not available
(Font)              Font shape `JT1/gt/m/n' tried instead on input line 55.
LaTeX Font Info:    Font shape `JY1/mc/bx/n' in size <12> not available
(Font)              Font shape `JY1/gt/m/n' tried instead on input line 55.


LaTeX Warning: Citation `Xu2008' on page 3 undefined on input line 58.


LaTeX Warning: Citation `Yanbe2007' on page 3 undefined on input line 59.


LaTeX Warning: Citation `Yanbe2007_' on page 3 undefined on input line 59.


LaTeX Warning: Citation `Takahashi2008' on page 3 undefined on input line 60.


LaTeX Warning: Citation `Niwa2006' on page 3 undefined on input line 65.


LaTeX Warning: Citation `Sasaki2007' on page 3 undefined on input line 66.


LaTeX Warning: Citation `Siratuti2006' on page 3 undefined on input line 71.


LaTeX Warning: Citation `Dairiki2008' on page 3 undefined on input line 72.

[3]

LaTeX Warning: Citation `Golder2006' on page 4 undefined on input line 77.


LaTeX Warning: Citation `Paul2007' on page 4 undefined on input line 78.


LaTeX Warning: Citation `Kawanaka2009' on page 4 undefined on input line 79.


LaTeX Warning: Citation `Robertson1990' on page 4 undefined on input line 84.


LaTeX Warning: Citation `Masada2005' on page 4 undefined on input line 86.


LaTeX Warning: Citation `Ohtsuka2006' on page 4 undefined on input line 89.


LaTeX Warning: Citation `Ohishi2009' on page 4 undefined on input line 91.


LaTeX Warning: Citation `Imai2010' on page 4 undefined on input line 93.


LaTeX Warning: Citation `Kita2010' on page 4 undefined on input line 95.


LaTeX Warning: Citation `Zhang2006' on page 4 undefined on input line 97.


LaTeX Warning: Citation `Cao2008' on page 4 undefined on input line 99.


LaTeX Warning: Citation `Koutani2007' on page 4 undefined on input line 101.


LaTeX Warning: Citation `Yasukawa2007' on page 4 undefined on input line 103.


LaTeX Warning: Citation `Rekimoto1999' on page 4 undefined on input line 109.

[4]

LaTeX Warning: Citation `Soules2005' on page 5 undefined on input line 111.

[5]
\openout2 = `end.aux'.

 (./end.tex (./6related.aux (./end.aux))

LaTeX Warning: There were undefined references.

 ) )
(\end occurred when \iftrue on line 119 was incomplete)
(\end occurred when \ifnum on line 119 was incomplete) 
Here is how much of TeX's memory you used:
 755 strings out of 95552
 8638 string characters out of 1187504
 61619 words of memory out of 1000000
 3938 multiletter control sequences out of 10000+50000
 12809 words of font info for 52 fonts, out of 500000 for 2000
 14 hyphenation exceptions out of 1000
 29i,5n,23p,668b,316s stack positions out of 1500i,500n,5000p,200000b,5000s

Output written on 6related.dvi (5 pages, 18800 bytes).
