This is pTeX, Version 3.141592-p3.1.9 (sjis) (Web2C 7.5.4) (format=platex-sjis 2005.11.2)  9 DEC 2012 18:28
**7related.tex
(./7related.tex
pLaTeX2e <2005/01/04>+0 (based on LaTeX2e <2003/12/01> patch level 0)
(/usr/local/share/texmf/ptex/platex/base/jreport.cls
Document Class: jreport 2002/04/09 v1.4 Standard pLaTeX class
\c@@paper=\count81
(/usr/local/share/texmf/ptex/platex/base/jsize11.clo
File: jsize11.clo 2002/04/09 v1.4 Standard pLaTeX file (size option)
)
\c@part=\count82
\c@chapter=\count83
\c@section=\count84
\c@subsection=\count85
\c@subsubsection=\count86
\c@paragraph=\count87
\c@subparagraph=\count88
\c@figure=\count89
\c@table=\count90
\abovecaptionskip=\skip41
\belowcaptionskip=\skip42
\symmincho=\mathgroup4
LaTeX Font Info:    Overwriting symbol font `mincho' in version `bold'
(Font)                  JY1/mc/m/n --> JY1/gt/m/n on input line 673.
LaTeX Info: Redefining \mathrm on input line 675.
LaTeX Info: Redefining \mathbf on input line 676.
\toclineskip=\dimen118
\@lnumwidth=\dimen119
\bibindent=\dimen120
\heisei=\count91
)
(/usr/local/share/texmf-dist/tex/latex/comment/comment.sty
\CommentStream=\write3

Excluding comment 'comment')
\@input{begin.aux}
\openout2 = `begin.aux'.

(./begin.tex (./systhesis.sty
\vspacetitle=\dimen121
\vspaceabstract=\dimen122
\c@theorem=\count92
)
(/usr/local/share/texmf/ptex/platex/base/ascmac.sty
(/usr/local/share/texmf/ptex/platex/base/tascmac.sty
\@savetbaselineshift=\dimen123
\@saveybaselineshift=\dimen124
\scb@x=\box41
\scscb@x=\box42
\@bw=\dimen125
\@nbox=\box43
\@nbody=\box44
\@scw=\dimen126
\@itemh=\dimen127
\@iboxpos=\toks15
\@iboxstr=\box45
\@bwsp=\box46
\@@bwsp=\box47
\@bcal=\count93
\shaderule=\dimen128
))
(/usr/local/share/texmf-dist/tex/latex/graphics/graphicx.sty
Package: graphicx 1999/02/16 v1.0f Enhanced LaTeX Graphics (DPC,SPQR)

(/usr/local/share/texmf-dist/tex/latex/graphics/keyval.sty
Package: keyval 1999/03/16 v1.13 key=value parser (DPC)
\KV@toks@=\toks16
)
(/usr/local/share/texmf-dist/tex/latex/graphics/graphics.sty
Package: graphics 2006/02/20 v1.0o Standard LaTeX Graphics (DPC,SPQR)

(/usr/local/share/texmf-dist/tex/latex/graphics/trig.sty
Package: trig 1999/03/16 v1.09 sin cos tan (DPC)
)
(/usr/local/share/texmf-dist/tex/latex/graphics/graphics.cfg
File: graphics.cfg 2005/02/03 v1.3 graphics configuration of teTeX/TeXLive
)
Package graphics Info: Driver file: dvipdfm.def on input line 90.

(/usr/local/share/texmf-dist/tex/latex/dvipdfm/dvipdfm.def
File: dvipdfm.def 1999/9/6 vx.x Driver-dependant file
))
\Gin@req@height=\dimen129
\Gin@req@width=\dimen130
) (./7related.aux
(./end.aux))
\openout1 = `7related.aux'.

LaTeX Font Info:    Checking defaults for OML/cmm/m/it on input line 12.
LaTeX Font Info:    ... okay on input line 12.
LaTeX Font Info:    Checking defaults for T1/cmr/m/n on input line 12.
LaTeX Font Info:    ... okay on input line 12.
LaTeX Font Info:    Checking defaults for OT1/cmr/m/n on input line 12.
LaTeX Font Info:    ... okay on input line 12.
LaTeX Font Info:    Checking defaults for OMS/cmsy/m/n on input line 12.
LaTeX Font Info:    ... okay on input line 12.
LaTeX Font Info:    Checking defaults for OMX/cmex/m/n on input line 12.
LaTeX Font Info:    ... okay on input line 12.
LaTeX Font Info:    Checking defaults for U/cmr/m/n on input line 12.
LaTeX Font Info:    ... okay on input line 12.
LaTeX Font Info:    Checking defaults for JY1/mc/m/n on input line 12.
LaTeX Font Info:    ... okay on input line 12.
LaTeX Font Info:    Checking defaults for JT1/mc/m/n on input line 12.
LaTeX Font Info:    ... okay on input line 12.
)
ëÊ 1 èÕ
LaTeX Font Info:    Font shape `JT1/mc/bx/n' in size <20.74> not available
(Font)              Font shape `JT1/gt/m/n' tried instead on input line 5.
LaTeX Font Info:    Font shape `JY1/mc/bx/n' in size <20.74> not available
(Font)              Font shape `JY1/gt/m/n' tried instead on input line 5.
LaTeX Font Info:    Font shape `JT1/mc/bx/n' in size <14.4> not available
(Font)              Font shape `JT1/gt/m/n' tried instead on input line 6.
LaTeX Font Info:    Font shape `JY1/mc/bx/n' in size <14.4> not available
(Font)              Font shape `JY1/gt/m/n' tried instead on input line 6.
[1




]
LaTeX Font Info:    Font shape `JT1/mc/bx/n' in size <12> not available
(Font)              Font shape `JT1/gt/m/n' tried instead on input line 10.
LaTeX Font Info:    Font shape `JY1/mc/bx/n' in size <12> not available
(Font)              Font shape `JY1/gt/m/n' tried instead on input line 10.
LaTeX Font Info:    Font shape `JT1/mc/bx/n' in size <10.95> not available
(Font)              Font shape `JT1/gt/m/n' tried instead on input line 11.
LaTeX Font Info:    Font shape `JY1/mc/bx/n' in size <10.95> not available
(Font)              Font shape `JY1/gt/m/n' tried instead on input line 11.


LaTeX Warning: Citation `Salton1975' on page 2 undefined on input line 11.


LaTeX Warning: Citation `Kita1999' on page 2 undefined on input line 11.


LaTeX Warning: Citation `Tsuda2000' on page 2 undefined on input line 11.


LaTeX Warning: Citation `Yates1999' on page 2 undefined on input line 36.


LaTeX Warning: Citation `Kita2002' on page 2 undefined on input line 36.


LaTeX Warning: Citation `Shin2004' on page 2 undefined on input line 36.


LaTeX Warning: Citation `Chakrabarti1998' on page 2 undefined on input line 39.



LaTeX Warning: Citation `Kurihara' on page 2 undefined on input line 39.


LaTeX Warning: Citation `Chinda2009' on page 2 undefined on input line 39.


LaTeX Warning: Citation `Agichtein2006' on page 2 undefined on input line 44.


LaTeX Warning: Citation `Murata2009' on page 2 undefined on input line 44.


LaTeX Warning: Citation `White2007' on page 2 undefined on input line 44.


LaTeX Warning: Citation `Xu2008' on page 2 undefined on input line 46.


LaTeX Warning: Citation `Yanbe2007' on page 2 undefined on input line 47.


LaTeX Warning: Citation `Yanbe2007_' on page 2 undefined on input line 47.


LaTeX Warning: Citation `Takahashi2008' on page 2 undefined on input line 48.


LaTeX Warning: Citation `Google' on page 2 undefined on input line 51.

[2]

LaTeX Warning: Citation `Shneiderman1994' on page 3 undefined on input line 57.



LaTeX Warning: Citation `Ahlberg1994' on page 3 undefined on input line 57.


LaTeX Warning: Citation `Pemberton1994' on page 3 undefined on input line 57.


LaTeX Warning: Citation `Raskin2000' on page 3 undefined on input line 57.


LaTeX Warning: Citation `Takabayashi2002' on page 3 undefined on input line 57.



LaTeX Warning: Citation `Nishimoto2008' on page 3 undefined on input line 57.


LaTeX Warning: Citation `Morris2007' on page 3 undefined on input line 59.


LaTeX Warning: Citation `Matsui2011' on page 3 undefined on input line 59.


LaTeX Warning: Citation `Watanabe2008' on page 3 undefined on input line 61.


LaTeX Warning: Citation `Yoshida2007' on page 3 undefined on input line 61.


LaTeX Warning: Citation `Kawata2009' on page 3 undefined on input line 64.


LaTeX Warning: Citation `Masui2003' on page 3 undefined on input line 64.


LaTeX Warning: Citation `Asahi2009' on page 3 undefined on input line 64.


LaTeX Warning: Citation `Shoji2011' on page 3 undefined on input line 66.


LaTeX Warning: Citation `Riecken2000' on page 3 undefined on input line 72.


LaTeX Warning: Citation `matsumoto2001' on page 3 undefined on input line 74.


LaTeX Warning: Citation `Kawai2005' on page 3 undefined on input line 74.

[3]

LaTeX Warning: Citation `Resnick1994' on page 4 undefined on input line 76.


LaTeX Warning: Citation `Breese1998' on page 4 undefined on input line 76.


LaTeX Warning: Citation `Fukuhara1998' on page 4 undefined on input line 76.


LaTeX Warning: Citation `Amazon' on page 4 undefined on input line 76.


LaTeX Warning: Citation `Kamishima2008' on page 4 undefined on input line 78.


LaTeX Warning: Citation `Kleinberg2008' on page 4 undefined on input line 78.


LaTeX Warning: Citation `Niwa2006' on page 4 undefined on input line 83.


LaTeX Warning: Citation `Sasaki2007' on page 4 undefined on input line 84.


LaTeX Warning: Citation `Siratuti2006' on page 4 undefined on input line 86.


LaTeX Warning: Citation `Dairiki2008' on page 4 undefined on input line 87.


LaTeX Warning: Citation `Golder2006' on page 4 undefined on input line 101.


LaTeX Warning: Citation `Paul2007' on page 4 undefined on input line 102.


LaTeX Warning: Citation `Kawanaka2009' on page 4 undefined on input line 103.

[4]

LaTeX Warning: Citation `Robertson1990' on page 5 undefined on input line 108.


LaTeX Warning: Citation `Masada2005' on page 5 undefined on input line 108.


LaTeX Warning: Citation `Zhang2006' on page 5 undefined on input line 108.


LaTeX Warning: Citation `Cao2008' on page 5 undefined on input line 108.


LaTeX Warning: Citation `Ohtsuka2006' on page 5 undefined on input line 108.


LaTeX Warning: Citation `Ohishi2009' on page 5 undefined on input line 108.


LaTeX Warning: Citation `Imai2010' on page 5 undefined on input line 108.


LaTeX Warning: Citation `Kita2010' on page 5 undefined on input line 108.


LaTeX Warning: Citation `Koutani2007' on page 5 undefined on input line 108.


LaTeX Warning: Citation `Yasukawa2007' on page 5 undefined on input line 108.


LaTeX Warning: Citation `Rekimoto1999' on page 5 undefined on input line 112.


LaTeX Warning: Citation `Soules2005' on page 5 undefined on input line 114.


LaTeX Warning: Citation `Kleinberg2002' on page 5 undefined on input line 121.


LaTeX Warning: Citation `Roy2002' on page 5 undefined on input line 121.


LaTeX Warning: Citation `Ishikawa2007' on page 5 undefined on input line 121.

[5]

LaTeX Warning: Citation `Granovetter1978' on page 6 undefined on input line 124
.


LaTeX Warning: Citation `Granovetter1986' on page 6 undefined on input line 124
.


LaTeX Warning: Citation `Matsuda1996' on page 6 undefined on input line 125.


LaTeX Warning: Citation `Nakayama2003' on page 6 undefined on input line 126.


LaTeX Warning: Citation `Kawane2000' on page 6 undefined on input line 127.


LaTeX Warning: Citation `Hattori2012' on page 6 undefined on input line 128.


LaTeX Warning: Citation `Dubinko2006' on page 6 undefined on input line 134.


LaTeX Warning: Citation `Wolfers2004' on page 6 undefined on input line 138.


LaTeX Warning: Citation `Kawai2009' on page 6 undefined on input line 138.


LaTeX Warning: Citation `Yoshida2010' on page 6 undefined on input line 138.


LaTeX Warning: Citation `Takei2004' on page 6 undefined on input line 141.

[6]
\openout2 = `end.aux'.

 (./end.tex (./7related.aux (./end.aux))

LaTeX Warning: There were undefined references.

 ) )
(\end occurred when \iftrue on line 146 was incomplete)
(\end occurred when \ifnum on line 146 was incomplete) 
Here is how much of TeX's memory you used:
 828 strings out of 95552
 9698 string characters out of 1187504
 64274 words of memory out of 1000000
 4007 multiletter control sequences out of 10000+50000
 12809 words of font info for 52 fonts, out of 500000 for 2000
 14 hyphenation exceptions out of 1000
 29i,4n,23p,1937b,254s stack positions out of 1500i,500n,5000p,200000b,5000s

Output written on 7related.dvi (6 pages, 29576 bytes).
