This is pTeX, Version 3.141592-p3.1.9 (sjis) (Web2C 7.5.4) (format=platex-sjis 2005.11.2)  27 JAN 2013 20:05
**apendixA.tex
(./apendixA.tex
pLaTeX2e <2005/01/04>+0 (based on LaTeX2e <2003/12/01> patch level 0)
(/usr/local/share/texmf/ptex/platex/base/jreport.cls
Document Class: jreport 2002/04/09 v1.4 Standard pLaTeX class
\c@@paper=\count81
(/usr/local/share/texmf/ptex/platex/base/jsize11.clo
File: jsize11.clo 2002/04/09 v1.4 Standard pLaTeX file (size option)
)
\c@part=\count82
\c@chapter=\count83
\c@section=\count84
\c@subsection=\count85
\c@subsubsection=\count86
\c@paragraph=\count87
\c@subparagraph=\count88
\c@figure=\count89
\c@table=\count90
\abovecaptionskip=\skip41
\belowcaptionskip=\skip42
\symmincho=\mathgroup4
LaTeX Font Info:    Overwriting symbol font `mincho' in version `bold'
(Font)                  JY1/mc/m/n --> JY1/gt/m/n on input line 673.
LaTeX Info: Redefining \mathrm on input line 675.
LaTeX Info: Redefining \mathbf on input line 676.
\toclineskip=\dimen118
\@lnumwidth=\dimen119
\bibindent=\dimen120
\heisei=\count91
)
(/usr/local/share/texmf-dist/tex/latex/tools/longtable.sty
Package: longtable 2004/02/01 v4.11 Multi-page Table package (DPC)
\LTleft=\skip43
\LTright=\skip44
\LTpre=\skip45
\LTpost=\skip46
\LTchunksize=\count92
\LTcapwidth=\dimen121
\LT@head=\box41
\LT@firsthead=\box42
\LT@foot=\box43
\LT@lastfoot=\box44
\LT@cols=\count93
\LT@rows=\count94
\c@LT@tables=\count95
\c@LT@chunks=\count96
\LT@p@ftn=\toks15
)
(/usr/local/share/texmf/tex/latex/fancyhdr.sty
\fancy@headwidth=\skip47
\f@ncyO@elh=\skip48
\f@ncyO@erh=\skip49
\f@ncyO@olh=\skip50
\f@ncyO@orh=\skip51
\f@ncyO@elf=\skip52
\f@ncyO@erf=\skip53
\f@ncyO@olf=\skip54
\f@ncyO@orf=\skip55
)
\@input{begin.aux}
\openout2 = `begin.aux'.

(./begin.tex (./systhesis.sty
\vspacetitle=\dimen122
\vspaceabstract=\dimen123
\c@theorem=\count97
)
(/usr/local/share/texmf/ptex/platex/base/ascmac.sty
(/usr/local/share/texmf/ptex/platex/base/tascmac.sty
\@savetbaselineshift=\dimen124
\@saveybaselineshift=\dimen125
\scb@x=\box45
\scscb@x=\box46
\@bw=\dimen126
\@nbox=\box47
\@nbody=\box48
\@scw=\dimen127
\@itemh=\dimen128
\@iboxpos=\toks16
\@iboxstr=\box49
\@bwsp=\box50
\@@bwsp=\box51
\@bcal=\count98
\shaderule=\dimen129
))
(/usr/local/share/texmf-dist/tex/latex/graphics/graphicx.sty
Package: graphicx 1999/02/16 v1.0f Enhanced LaTeX Graphics (DPC,SPQR)

(/usr/local/share/texmf-dist/tex/latex/graphics/keyval.sty
Package: keyval 1999/03/16 v1.13 key=value parser (DPC)
\KV@toks@=\toks17
)
(/usr/local/share/texmf-dist/tex/latex/graphics/graphics.sty
Package: graphics 2006/02/20 v1.0o Standard LaTeX Graphics (DPC,SPQR)

(/usr/local/share/texmf-dist/tex/latex/graphics/trig.sty
Package: trig 1999/03/16 v1.09 sin cos tan (DPC)
)
(/usr/local/share/texmf-dist/tex/latex/graphics/graphics.cfg
File: graphics.cfg 2005/02/03 v1.3 graphics configuration of teTeX/TeXLive
)
Package graphics Info: Driver file: dvipdfm.def on input line 90.

(/usr/local/share/texmf-dist/tex/latex/dvipdfm/dvipdfm.def
File: dvipdfm.def 1999/9/6 vx.x Driver-dependant file
))
\Gin@req@height=\dimen130
\Gin@req@width=\dimen131
) (./apendixA.aux
(./end.aux))
\openout1 = `apendixA.aux'.

LaTeX Font Info:    Checking defaults for OML/cmm/m/it on input line 12.
LaTeX Font Info:    ... okay on input line 12.
LaTeX Font Info:    Checking defaults for T1/cmr/m/n on input line 12.
LaTeX Font Info:    ... okay on input line 12.
LaTeX Font Info:    Checking defaults for OT1/cmr/m/n on input line 12.
LaTeX Font Info:    ... okay on input line 12.
LaTeX Font Info:    Checking defaults for OMS/cmsy/m/n on input line 12.
LaTeX Font Info:    ... okay on input line 12.
LaTeX Font Info:    Checking defaults for OMX/cmex/m/n on input line 12.
LaTeX Font Info:    ... okay on input line 12.
LaTeX Font Info:    Checking defaults for U/cmr/m/n on input line 12.
LaTeX Font Info:    ... okay on input line 12.
LaTeX Font Info:    Checking defaults for JY1/mc/m/n on input line 12.
LaTeX Font Info:    ... okay on input line 12.
LaTeX Font Info:    Checking defaults for JT1/mc/m/n on input line 12.
LaTeX Font Info:    ... okay on input line 12.
)
LaTeX Font Info:    Font shape `JT1/mc/bx/n' in size <20.74> not available
(Font)              Font shape `JT1/gt/m/n' tried instead on input line 14.
LaTeX Font Info:    Font shape `JY1/mc/bx/n' in size <20.74> not available
(Font)              Font shape `JY1/gt/m/n' tried instead on input line 14.
LaTeX Font Info:    Font shape `JT1/mc/bx/n' in size <9> not available
(Font)              Font shape `JT1/gt/m/n' tried instead on input line 22.
LaTeX Font Info:    Font shape `JY1/mc/bx/n' in size <9> not available
(Font)              Font shape `JY1/gt/m/n' tried instead on input line 22.

Underfull \hbox (badness 10000) in paragraph at lines 54--55
[]|\OT1/cmr/m/n/9 http://java.sun.com/j2se/1.4.2/ja/download.
 []


Underfull \hbox (badness 10000) in paragraph at lines 58--59
[]|\OT1/cmr/m/n/9 http://sdc.sun.co.jp/java/docs/j2se/1.4/ja/
 []


Underfull \vbox (badness 10000) detected at line 61
 []


Underfull \hbox (badness 10000) in paragraph at lines 70--71
[]|\OT1/cmr/m/n/9 http://www.microsoft.com/japan/java/ de-
 []


Underfull \hbox (badness 10000) in paragraph at lines 72--73
[]|\OT1/cmr/m/n/9 http://java.sun.com/j2se/1.5.0/ja/ down-
 []


Underfull \hbox (badness 10000) in paragraph at lines 78--79
[]|\OT1/cmr/m/n/9 http://www.asahi-net.or.jp/^dp8t-
 []


Underfull \hbox (badness 10000) in paragraph at lines 80--81
[]|\OT1/cmr/m/n/9 http://www.forest.impress.co.jp/lib/arc/ run-
 []

[1




]
Underfull \hbox (badness 10000) in paragraph at lines 97--98
[]|\OT1/cmr/m/n/9 http://www.nminoru.jp/^nminoru/java/
 []


Underfull \hbox (badness 5490) in paragraph at lines 101--102
[]|\OT1/cmr/m/n/9 http://www.alles.or.jp/^torutk/oojava/ cod-ing-
 []


Underfull \hbox (badness 10000) in paragraph at lines 103--104
[]|\OT1/cmr/m/n/9 http://itpro.nikkeibp.co.jp/article/ COL-
 []


Underfull \hbox (badness 10000) in paragraph at lines 111--112
[]|\OT1/cmr/m/n/9 http://java.sun.com/j2se/1.5.0/ja/docs/ja/
 []


Underfull \hbox (badness 10000) in paragraph at lines 113--114
[]|\OT1/cmr/m/n/9 http://journal.mycom.co.jp/articles/2007/
 []


Underfull \hbox (badness 10000) in paragraph at lines 117--118
[]|\OT1/cmr/m/n/9 http://forza.cocolog-
 []


Underfull \hbox (badness 10000) in paragraph at lines 119--120
[]|\OT1/cmr/m/n/9 http://journal.mycom.co.jp/news/2008/07/
 []


Underfull \hbox (badness 10000) in paragraph at lines 123--124
[]|\OT1/cmr/m/n/9 http://ncf.sakura.ne.jp/asato/
 []


Underfull \hbox (badness 10000) in paragraph at lines 125--126
[]|\OT1/cmr/m/n/9 http://journal.mycom.co.jp/articles/
 []


Underfull \hbox (badness 10000) in paragraph at lines 127--128
[]|\OT1/cmr/m/n/9 http://www.nurs.or.jp/^sug/soft/log4j/ in-
 []


Underfull \hbox (badness 10000) in paragraph at lines 131--132
[]|\OT1/cmr/m/n/9 http://journal.mycom.co.jp/articles/
 []


Underfull \hbox (badness 10000) in paragraph at lines 133--134
[]|\OT1/cmr/m/n/9 http://pcweb.mycom.co.jp/news/2006/
 []


Underfull \vbox (badness 10000) detected at line 134
 []


Underfull \hbox (badness 10000) in paragraph at lines 135--136
[]|\OT1/cmr/m/n/9 http://journal.mycom.co.jp/articles/2006/
 []


Underfull \hbox (badness 10000) in paragraph at lines 139--140
[]|\OT1/cmr/m/n/9 http://itpro.nikkeibp.co.jp/article/ COL-
 []


Underfull \hbox (badness 10000) in paragraph at lines 143--144
[]|\OT1/cmr/m/n/9 http://www.infoq.com/jp/news/2007/10/big-
 []


Underfull \hbox (badness 10000) in paragraph at lines 145--146
[]|\OT1/cmr/m/n/9 http://journal.mycom.co.jp/articles/2007/
 []


Underfull \hbox (badness 10000) in paragraph at lines 147--148
[]|\OT1/cmr/m/n/9 http://www.javainthebox.net/laboratory/
 []


Underfull \hbox (badness 10000) in paragraph at lines 149--150
[]|\OT1/cmr/m/n/9 http://www.nurs.or.jp/^sug/soft/james/ in-
 []


Underfull \hbox (badness 10000) in paragraph at lines 151--152
[]|\OT1/cmr/m/n/9 http://sdc.sun.co.jp/java/
 []


Underfull \hbox (badness 10000) in paragraph at lines 153--154
[]|\OT1/cmr/m/n/9 http://www.itmedia.co.jp/enterprise/ ar-ti-
 []


Underfull \hbox (badness 10000) in paragraph at lines 155--156
[]|\OT1/cmr/m/n/9 http://journal.mycom.co.jp/news/
 []


Overfull \vbox (1.57741pt too high) has occurred while \output is active []



Package Fancyhdr Warning: \headheight is too small (12.0pt): 
 Make it at least 15.49998pt.
 We now make it that large for the rest of the document.
 This may cause the page layout to be inconsistent, however.

[2

]
Underfull \hbox (badness 10000) in paragraph at lines 172--173
[]|\OT1/cmr/m/n/9 http://itpro.nikkeibp.co.jp/article/ COL-
 []


Underfull \hbox (badness 5490) in paragraph at lines 176--177
[]|\OT1/cmr/m/n/9 http://www.alles.or.jp/^torutk/oojava/ cod-ing-
 []


Underfull \hbox (badness 10000) in paragraph at lines 182--183
[]|\OT1/cmr/m/n/9 http://java.sun.com/j2se/1.5.0/ja/docs/ja/
 []


Underfull \hbox (badness 10000) in paragraph at lines 186--187
[]|\OT1/cmr/m/n/9 http://www.nurs.or.jp/^sug/soft/log4j /in-
 []


Underfull \hbox (badness 10000) in paragraph at lines 190--191
[]|\OT1/cmr/m/n/9 http://itpro.nikkeibp.co.jp/article/ COL-
 []


Underfull \hbox (badness 10000) in paragraph at lines 192--193
[]|\OT1/cmr/m/n/9 http://www.javainthebox.net/laboratory/
 []


Underfull \hbox (badness 10000) in paragraph at lines 194--195
[]|\OT1/cmr/m/n/9 http://sdc.sun.co.jp/java/docs/j2se/1.4/
 []


Underfull \hbox (badness 10000) in paragraph at lines 196--197
[]|\OT1/cmr/m/n/9 http://journal.mycom.co.jp/articles/
 []


Underfull \hbox (badness 10000) in paragraph at lines 200--201
[]|\OT1/cmr/m/n/9 http://java.sun.com/products/archive/ in-
 []


Underfull \hbox (badness 10000) in paragraph at lines 202--203
[]|\OT1/cmr/m/n/9 http://www.atmarkit.co.jp/fjava/rensai3/
 []


Underfull \hbox (badness 10000) in paragraph at lines 204--205
[]|\OT1/cmr/m/n/9 http://www.nminoru.jp/^nminoru/java/
 []


Underfull \vbox (badness 10000) detected at line 205
 []


Overfull \hbox (5.43797pt too wide) in paragraph at lines 210--211
[]|\OT1/cmr/m/n/9 http://www.kab-studio.biz/Programing/JavaA2Z/| 
 []


Underfull \hbox (badness 10000) in paragraph at lines 216--217
[]|\OT1/cmr/m/n/9 http://www.atmarkit.co.jp/fwcr/rensai/
 []


Underfull \hbox (badness 10000) in paragraph at lines 220--221
[]|\OT1/cmr/m/n/9 http://www5c.biglobe.ne.jp/^ecb/java/
 []


Underfull \hbox (badness 10000) in paragraph at lines 226--227
[]|\OT1/cmr/m/n/9 http://www.atmarkit.co.jp/fjava/rensai3/
 []

[3

]
Underfull \hbox (badness 10000) in paragraph at lines 248--249
[]|\OT1/cmr/m/n/9 http://www.mhlw.go.jp/bunya/kenkou/ in-
 []


Underfull \hbox (badness 10000) in paragraph at lines 266--267
[]|\OT1/cmr/m/n/9 http://www.asahi.com/national/update/
 []


Underfull \hbox (badness 10000) in paragraph at lines 270--271
[]|\OT1/cmr/m/n/9 http://www.medical-
 []


Underfull \vbox (badness 10000) detected at line 277
 []


Underfull \hbox (badness 3354) in paragraph at lines 282--283
[]|\OT1/cmr/m/n/9 http://www.google.com/Top/World/ Japanese/
 []


Underfull \hbox (badness 10000) in paragraph at lines 298--299
[]|\OT1/cmr/m/n/9 http://www.fukushihoken.metro.tokyo.jp/
 []

[4

]
Underfull \hbox (badness 10000) in paragraph at lines 314--315
[]|\OT1/cmr/m/n/9 http://alfalfa.livedoor.biz/archives/
 []


Underfull \hbox (badness 10000) in paragraph at lines 316--317
[]|\OT1/cmr/m/n/9 http://web-tan.forum.impressrd.jp/e/
 []


Underfull \hbox (badness 10000) in paragraph at lines 318--319
[]|\OT1/cmr/m/n/9 http://alfalfa.livedoor.biz/archives/
 []


Underfull \hbox (badness 10000) in paragraph at lines 320--321
[]|\OT1/cmr/m/n/9 http://alfalfa.livedoor.biz/archives/
 []


Underfull \hbox (badness 10000) in paragraph at lines 324--325
[]|\OT1/cmr/m/n/9 http://gigazine.net/index.php?/news/ com-
 []


Underfull \hbox (badness 10000) in paragraph at lines 326--327
[]|\OT1/cmr/m/n/9 http://mainichi.jp/life/electronics/news/
 []


Underfull \hbox (badness 10000) in paragraph at lines 328--329
[]|\OT1/cmr/m/n/9 http://www.itmedia.co.jp/enterprise/ ar-ti-
 []


Underfull \hbox (badness 10000) in paragraph at lines 334--335
[]|\OT1/cmr/m/n/9 http://itpro.nikkeibp.co.jp/article/ COL-
 []


Underfull \hbox (badness 10000) in paragraph at lines 336--337
[]|\OT1/cmr/m/n/9 http://d.hatena.ne.jp/michikaifu/
 []


Underfull \hbox (badness 10000) in paragraph at lines 338--339
[]|\OT1/cmr/m/n/9 http://alfalfa.livedoor.biz/archives/
 []


Underfull \hbox (badness 10000) in paragraph at lines 340--341
[]|\OT1/cmr/m/n/9 http://news4vip.livedoor.biz/archives/
 []


Underfull \vbox (badness 10000) detected at line 349
 []


Underfull \hbox (badness 10000) in paragraph at lines 350--351
[]|\OT1/cmr/m/n/9 http://nikkeibp.jp/wcs/leaf/CID/onair/
 []


Underfull \hbox (badness 10000) in paragraph at lines 352--353
[]|\OT1/cmr/m/n/9 http://www.ideaxidea.com/archives/
 []


Underfull \hbox (badness 10000) in paragraph at lines 354--355
[]|\OT1/cmr/m/n/9 http://med-legend.com/mt/archives/
 []


Underfull \hbox (badness 10000) in paragraph at lines 358--359
[]|\OT1/cmr/m/n/9 http://finalvent.cocolog-nifty.com/fareastblog/
 []


Underfull \hbox (badness 10000) in paragraph at lines 362--363
[]|\OT1/cmr/m/n/9 http://slashdot.jp/science/article.pl
 []


Underfull \hbox (badness 10000) in paragraph at lines 364--365
[]|\OT1/cmr/m/n/9 http://d.hatena.ne.jp/bash0C7/20080302/
 []


Underfull \hbox (badness 10000) in paragraph at lines 366--367
[]|\OT1/cmr/m/n/9 http://www3.tky.3web.ne.jp/^aiaihide/
 []


Underfull \hbox (badness 10000) in paragraph at lines 368--369
[]|\OT1/cmr/m/n/9 http://news4vip.livedoor.biz/archives/
 []


Underfull \hbox (badness 10000) in paragraph at lines 370--371
[]|\OT1/cmr/m/n/9 http://japan.cnet.com/news/biz/story/
 []

[5

]
Underfull \hbox (badness 10000) in paragraph at lines 390--391
[]|\OT1/cmr/m/n/9 http://www.ideaxidea.com/archives/
 []


Underfull \hbox (badness 10000) in paragraph at lines 392--393
[]|\OT1/cmr/m/n/9 http://web-tan.forum.impressrd.jp/e/
 []


Underfull \hbox (badness 10000) in paragraph at lines 394--395
[]|\OT1/cmr/m/n/9 http://alfalfa.livedoor.biz/archives/
 []


Underfull \hbox (badness 10000) in paragraph at lines 398--399
[]|\OT1/cmr/m/n/9 http://www3.tky.3web.ne.jp/^aiaihide/
 []


Underfull \hbox (badness 10000) in paragraph at lines 400--401
[]|\OT1/cmr/m/n/9 http://gigazine.net/index.php?/
 []


Underfull \hbox (badness 10000) in paragraph at lines 404--405
[]|\OT1/cmr/m/n/9 http://itpro.nikkeibp.co.jp/article/ COL-
 []


Underfull \hbox (badness 10000) in paragraph at lines 412--413
[]|\OT1/cmr/m/n/9 http://d.hatena.ne.jp/fromdusktildawn/
 []


Underfull \hbox (badness 10000) in paragraph at lines 414--415
[]|\OT1/cmr/m/n/9 http://alfalfa.livedoor.biz/archives/
 []


Underfull \hbox (badness 10000) in paragraph at lines 416--417
[]|\OT1/cmr/m/n/9 http://blog.pasonatech.co.jp/masuda/
 []


Underfull \hbox (badness 10000) in paragraph at lines 418--419
[]|\OT1/cmr/m/n/9 http://finalvent.cocolog-nifty.com/ far-east-
 []


Underfull \hbox (badness 10000) in paragraph at lines 420--421
[]|\OT1/cmr/m/n/9 http://med-legend.com/mt/archives/
 []


Underfull \vbox (badness 10000) detected at line 421
 []


Underfull \hbox (badness 10000) in paragraph at lines 422--423
[]|\OT1/cmr/m/n/9 http://gigazine.net/index.php?/news/ com-
 []


Underfull \hbox (badness 10000) in paragraph at lines 424--425
[]|\OT1/cmr/m/n/9 http://news4vip.livedoor.biz/archives/
 []


Underfull \hbox (badness 10000) in paragraph at lines 426--427
[]|\OT1/cmr/m/n/9 http://www.ahv.pref.aichi.jp/taikei/
 []


Underfull \hbox (badness 10000) in paragraph at lines 428--429
[]|\OT1/cmr/m/n/9 http://alfalfa.livedoor.biz/archives/
 []


Underfull \hbox (badness 10000) in paragraph at lines 434--435
[]|\OT1/cmr/m/n/9 http://cyblog.jp/modules/weblog/ de-
 []


Underfull \hbox (badness 10000) in paragraph at lines 436--437
[]|\OT1/cmr/m/n/9 http://jibun.atmarkit.co.jp/ljibun01/ col-
 []


Underfull \hbox (badness 10000) in paragraph at lines 438--439
[]|\OT1/cmr/m/n/9 http://d.hatena.ne.jp/michikaifu/
 []


Underfull \hbox (badness 10000) in paragraph at lines 440--441
[]|\OT1/cmr/m/n/9 http://alfalfa.livedoor.biz/archives/
 []


Underfull \hbox (badness 10000) in paragraph at lines 442--443
[]|\OT1/cmr/m/n/9 http://eyeportal.jp/60siryokukensa/
 []

[6

]
Underfull \hbox (badness 10000) in paragraph at lines 471--472
[]|\OT1/cmr/m/n/9 http://headlines.yahoo.co.jp/hl?a=20091222-
 []


Underfull \hbox (badness 10000) in paragraph at lines 487--488
[]|\OT1/cmr/m/n/9 http://dir.yahoo.co.jp/entertainment/
 []


Underfull \hbox (badness 10000) in paragraph at lines 491--492
[]|\OT1/cmr/m/n/9 http://jp.techcrunch.com/archives/
 []


Underfull \vbox (badness 10000) detected at line 492
 []

[7

]
Missing character: There is no ^^c9 in font cmr9!

Underfull \hbox (badness 10000) in paragraph at lines 542--543
[]|\OT1/cmr/m/n/9 http://blog.livedoor.jp/dqnplus/archives/
 []


Underfull \hbox (badness 10000) in paragraph at lines 544--545
[]|\OT1/cmr/m/n/9 http://blog.livedoor.jp/dankogai/archives/
 []


Underfull \hbox (badness 10000) in paragraph at lines 546--547
[]|\OT1/cmr/m/n/9 http://news4vip.livedoor.biz/archives/
 []


Underfull \hbox (badness 10000) in paragraph at lines 552--553
[]|\OT1/cmr/m/n/9 http://alfalfa.livedoor.biz/archives/
 []


Underfull \hbox (badness 10000) in paragraph at lines 558--559
[]|\OT1/cmr/m/n/9 http://flowerwild.net/2006/11/2006-11-
 []


Underfull \vbox (badness 10000) detected at line 563
 []


Underfull \hbox (badness 10000) in paragraph at lines 572--573
[]|\OT1/cmr/m/n/9 http://hakaiya.web.infoseek.co.jp/html/
 []


Underfull \hbox (badness 10000) in paragraph at lines 578--579
[]|\OT1/cmr/m/n/9 http://news4vip.livedoor.biz/archives/
 []

Missing character: There is no ^^c9 in font cmr9!

Underfull \hbox (badness 10000) in paragraph at lines 580--581
[]|\OT1/cmr/m/n/9 http://blog.livedoor.jp/dqnplus/archives/
 []

[8

]
Underfull \hbox (badness 10000) in paragraph at lines 622--623
[]|\OT1/cmr/m/n/9 http://hakaiya.web.infoseek.co.jp/html/
 []


Underfull \vbox (badness 10000) detected at line 635
 []

Missing character: There is no ^^c9 in font cmr9!

Underfull \hbox (badness 10000) in paragraph at lines 640--641
[]|\OT1/cmr/m/n/9 http://blog.livedoor.jp/dqnplus/archives/
 []


Underfull \hbox (badness 10000) in paragraph at lines 646--647
[]|\OT1/cmr/m/n/9 http://flowerwild.net/2006/11/2006-11-
 []


Underfull \hbox (badness 10000) in paragraph at lines 650--651
[]|\OT1/cmr/m/n/9 http://gigazine.net/index.php?/news/ com-
 []


Underfull \hbox (badness 10000) in paragraph at lines 652--653
[]|\OT1/cmr/m/n/9 http://blog.livedoor.jp/dankogai/archives/
 []


Underfull \hbox (badness 10000) in paragraph at lines 654--655
[]|\OT1/cmr/m/n/9 http://gigazine.net/index.php?/news/ com-
 []

[9

]
\openout2 = `end.aux'.

 (./end.tex (./apendixA.aux (./end.aux)) ) )
(\end occurred when \iftrue on line 661 was incomplete)
(\end occurred when \ifnum on line 661 was incomplete) 
Here is how much of TeX's memory you used:
 932 strings out of 95552
 10398 string characters out of 1187504
 77262 words of memory out of 1000000
 4103 multiletter control sequences out of 10000+50000
 11435 words of font info for 47 fonts, out of 500000 for 2000
 14 hyphenation exceptions out of 1000
 29i,10n,43p,270b,494s stack positions out of 1500i,500n,5000p,200000b,5000s

Output written on apendixA.dvi (9 pages, 80032 bytes).
