This is pTeX, Version 3.141592-p3.1.9 (sjis) (Web2C 7.5.4) (format=platex-sjis 2005.11.2)  23 SEP 2012 18:48
**begin.tex
(./begin.tex
pLaTeX2e <2005/01/04>+0 (based on LaTeX2e <2003/12/01> patch level 0)

! LaTeX Error: \usepackage before \documentclass.

See the LaTeX manual or LaTeX Companion for explanation.
Type  H <return>  for immediate help.
 ...                                              
                                                  
l.1 \usepackage{
                systhesis}
? 
! Emergency stop.
 ...                                              
                                                  
l.1 \usepackage{
                systhesis}
\usepackage may only appear in the document preamble, i.e.,
between \documentclass and \begin{document}.

 
Here is how much of TeX's memory you used:
 4 strings out of 95552
 171 string characters out of 1187504
 46995 words of memory out of 1000000
 3243 multiletter control sequences out of 10000+50000
 7511 words of font info for 31 fonts, out of 500000 for 2000
 14 hyphenation exceptions out of 1000
 5i,0n,5p,34b,14s stack positions out of 1500i,500n,5000p,200000b,5000s
No pages of output.
