This is pTeX, Version 3.141592-p3.1.9 (sjis) (Web2C 7.5.4) (format=platex-sjis 2005.11.2)  17 DEC 2012 17:41
**mastersthesis.bib
(./mastersthesis.bib
pLaTeX2e <2005/01/04>+0 (based on LaTeX2e <2003/12/01> patch level 0)

! LaTeX Error: Missing \begin{document}.

See the LaTeX manual or LaTeX Companion for explanation.
Type  H <return>  for immediate help.
 ...                                              
                                                  
l.1 @
     InProceedings{Page1998,
? 

Overfull \hbox (132.86136pt too wide) in paragraph at lines 1--21
[]\OT1/cmr/m/n/10 @InProceedingsPage1998,
 []


Overfull \hbox (13.88892pt too wide) in paragraph at lines 1--21
\OT1/cmr/m/n/10 au-
 []


Overfull \hbox (18.36116pt too wide) in paragraph at lines 1--21
\OT1/cmr/m/n/10 thor
 []


Overfull \hbox (7.7778pt too wide) in paragraph at lines 1--21
\OT1/cmr/m/n/10 =
 []


Overfull \hbox (20.97226pt too wide) in paragraph at lines 1--21
\OT1/cmr/m/n/10 Page
 []


Overfull \hbox (6.25002pt too wide) in paragraph at lines 1--21
\OT1/cmr/m/n/10 L
 []


Overfull \hbox (16.11116pt too wide) in paragraph at lines 1--21
\OT1/cmr/m/n/10 and
 []


Overfull \hbox (19.33339pt too wide) in paragraph at lines 1--21
\OT1/cmr/m/n/10 Brin
 []


Overfull \hbox (5.55557pt too wide) in paragraph at lines 1--21
\OT1/cmr/m/n/10 S
 []


Overfull \hbox (16.11116pt too wide) in paragraph at lines 1--21
\OT1/cmr/m/n/10 and
 []


Overfull \hbox (21.38893pt too wide) in paragraph at lines 1--21
\OT1/cmr/m/n/10 Mot-
 []


Overfull \hbox (15.27779pt too wide) in paragraph at lines 1--21
\OT1/cmr/m/n/10 wa-
 []


Overfull \hbox (24.44452pt too wide) in paragraph at lines 1--21
\OT1/cmr/m/n/10 niand
 []


Overfull \hbox (7.36111pt too wide) in paragraph at lines 1--21
\OT1/cmr/m/n/10 R
 []


Overfull \hbox (16.11116pt too wide) in paragraph at lines 1--21
\OT1/cmr/m/n/10 and
 []


Overfull \hbox (26.9445pt too wide) in paragraph at lines 1--21
\OT1/cmr/m/n/10 Wino-
 []


Overfull \hbox (19.47227pt too wide) in paragraph at lines 1--21
\OT1/cmr/m/n/10 grad
 []


Overfull \hbox (10.00002pt too wide) in paragraph at lines 1--21
\OT1/cmr/m/n/10 T,
 []


Overfull \hbox (10.00002pt too wide) in paragraph at lines 1--21
\OT1/cmr/m/n/10 ti-
 []


Overfull \hbox (11.11113pt too wide) in paragraph at lines 1--21
\OT1/cmr/m/n/10 tle
 []


Overfull \hbox (7.7778pt too wide) in paragraph at lines 1--21
\OT1/cmr/m/n/10 =
 []


Overfull \hbox (17.22224pt too wide) in paragraph at lines 1--21
\OT1/cmr/m/n/10 The
 []


Overfull \hbox (27.25005pt too wide) in paragraph at lines 1--21
\OT1/cmr/m/n/10 pager-
 []


Overfull \hbox (15.83339pt too wide) in paragraph at lines 1--21
\OT1/cmr/m/n/10 ank
 []


Overfull \hbox (10.55556pt too wide) in paragraph at lines 1--21
\OT1/cmr/m/n/10 ci-
 []


Overfull \hbox (12.22224pt too wide) in paragraph at lines 1--21
\OT1/cmr/m/n/10 ta-
 []


Overfull \hbox (17.22227pt too wide) in paragraph at lines 1--21
\OT1/cmr/m/n/10 tion
 []


Overfull \hbox (23.08339pt too wide) in paragraph at lines 1--21
\OT1/cmr/m/n/10 rank-
 []


Overfull \hbox (16.11116pt too wide) in paragraph at lines 1--21
\OT1/cmr/m/n/10 ing:
 []


Overfull \hbox (27.66673pt too wide) in paragraph at lines 1--21
\OT1/cmr/m/n/10 Bring-
 []


Overfull \hbox (13.33337pt too wide) in paragraph at lines 1--21
\OT1/cmr/m/n/10 ing
 []


Overfull \hbox (12.25002pt too wide) in paragraph at lines 1--21
\OT1/cmr/m/n/10 or-
 []


Overfull \hbox (13.91669pt too wide) in paragraph at lines 1--21
\OT1/cmr/m/n/10 der
 []


Overfull \hbox (8.88892pt too wide) in paragraph at lines 1--21
\OT1/cmr/m/n/10 to
 []


Overfull \hbox (13.88892pt too wide) in paragraph at lines 1--21
\OT1/cmr/m/n/10 the
 []


Overfull \hbox (22.22226pt too wide) in paragraph at lines 1--21
\OT1/cmr/m/n/10 Web,
 []


Overfull \hbox (24.7223pt too wide) in paragraph at lines 1--21
\OT1/cmr/m/n/10 book-
 []


Overfull \hbox (10.00002pt too wide) in paragraph at lines 1--21
\OT1/cmr/m/n/10 ti-
 []


Overfull \hbox (11.11113pt too wide) in paragraph at lines 1--21
\OT1/cmr/m/n/10 tle
 []


Overfull \hbox (7.7778pt too wide) in paragraph at lines 1--21
\OT1/cmr/m/n/10 =
 []


Overfull \hbox (23.88889pt too wide) in paragraph at lines 1--21
\OT1/cmr/m/n/10 Tech-
 []


Overfull \hbox (11.66669pt too wide) in paragraph at lines 1--21
\OT1/cmr/m/n/10 ni-
 []


Overfull \hbox (12.22224pt too wide) in paragraph at lines 1--21
\OT1/cmr/m/n/10 cal
 []


Overfull \hbox (11.69444pt too wide) in paragraph at lines 1--21
\OT1/cmr/m/n/10 re-
 []


Overfull \hbox (21.41673pt too wide) in paragraph at lines 1--21
\OT1/cmr/m/n/10 port,
 []


Overfull \hbox (23.33339pt too wide) in paragraph at lines 1--21
\OT1/cmr/m/n/10 Stan-
 []


Overfull \hbox (17.52783pt too wide) in paragraph at lines 1--21
\OT1/cmr/m/n/10 ford
 []


Overfull \hbox (18.75003pt too wide) in paragraph at lines 1--21
\OT1/cmr/m/n/10 Dig-
 []


Overfull \hbox (6.11111pt too wide) in paragraph at lines 1--21
\OT1/cmr/m/n/10 i-
 []


Overfull \hbox (11.6667pt too wide) in paragraph at lines 1--21
\OT1/cmr/m/n/10 tal
 []


Overfull \hbox (12.36113pt too wide) in paragraph at lines 1--21
\OT1/cmr/m/n/10 Li-
 []


Overfull \hbox (23.66673pt too wide) in paragraph at lines 1--21
\OT1/cmr/m/n/10 brary
 []


Overfull \hbox (23.88889pt too wide) in paragraph at lines 1--21
\OT1/cmr/m/n/10 Tech-
 []


Overfull \hbox (21.66672pt too wide) in paragraph at lines 1--21
\OT1/cmr/m/n/10 nolo-
 []


Overfull \hbox (16.16669pt too wide) in paragraph at lines 1--21
\OT1/cmr/m/n/10 gies
 []


Overfull \hbox (34.88895pt too wide) in paragraph at lines 1--21
\OT1/cmr/m/n/10 Project,
 []


Overfull \hbox (18.36115pt too wide) in paragraph at lines 1--21
\OT1/cmr/m/n/10 year
 []


Overfull \hbox (7.7778pt too wide) in paragraph at lines 1--21
\OT1/cmr/m/n/10 =
 []


Overfull \hbox (20.00006pt too wide) in paragraph at lines 1--21
\OT1/cmr/m/n/10 1998
 []


Overfull \hbox (20.27782pt too wide) in paragraph at lines 1--21
\OT1/cmr/m/n/10 @In-
 []


Overfull \hbox (19.05559pt too wide) in paragraph at lines 1--21
\OT1/cmr/m/n/10 Pro-
 []


Overfull \hbox (22.22223pt too wide) in paragraph at lines 1--21
\OT1/cmr/m/n/10 ceed-
 []


Overfull \hbox (61.5835pt too wide) in paragraph at lines 1--21
\OT1/cmr/m/n/10 ingsLoeb1992,
 []


Overfull \hbox (13.88892pt too wide) in paragraph at lines 1--21
\OT1/cmr/m/n/10 au-
 []


Overfull \hbox (18.36116pt too wide) in paragraph at lines 1--21
\OT1/cmr/m/n/10 thor
 []


Overfull \hbox (7.7778pt too wide) in paragraph at lines 1--21
\OT1/cmr/m/n/10 =
 []


Overfull \hbox (24.30562pt too wide) in paragraph at lines 1--21
\OT1/cmr/m/n/10 Loeb,
 []


Overfull \hbox (5.55557pt too wide) in paragraph at lines 1--21
\OT1/cmr/m/n/10 S
 []


Overfull \hbox (16.11116pt too wide) in paragraph at lines 1--21
\OT1/cmr/m/n/10 and
 []


Overfull \hbox (25.88892pt too wide) in paragraph at lines 1--21
\OT1/cmr/m/n/10 Terry,
 []


Overfull \hbox (10.41669pt too wide) in paragraph at lines 1--21
\OT1/cmr/m/n/10 D,
 []


Overfull \hbox (10.00002pt too wide) in paragraph at lines 1--21
\OT1/cmr/m/n/10 ti-
 []


Overfull \hbox (11.11113pt too wide) in paragraph at lines 1--21
\OT1/cmr/m/n/10 tle
 []


Overfull \hbox (7.7778pt too wide) in paragraph at lines 1--21
\OT1/cmr/m/n/10 =
 []


Overfull \hbox (12.50002pt too wide) in paragraph at lines 1--21
\OT1/cmr/m/n/10 In-
 []


Overfull \hbox (15.30559pt too wide) in paragraph at lines 1--21
\OT1/cmr/m/n/10 for-
 []


Overfull \hbox (16.6667pt too wide) in paragraph at lines 1--21
\OT1/cmr/m/n/10 ma-
 []


Overfull \hbox (17.22227pt too wide) in paragraph at lines 1--21
\OT1/cmr/m/n/10 tion
 []


Overfull \hbox (15.4167pt too wide) in paragraph at lines 1--21
\OT1/cmr/m/n/10 Fil-
 []


Overfull \hbox (15.58334pt too wide) in paragraph at lines 1--21
\OT1/cmr/m/n/10 ter-
 []


Overfull \hbox (16.11116pt too wide) in paragraph at lines 1--21
\OT1/cmr/m/n/10 ing,
 []


Overfull \hbox (24.7223pt too wide) in paragraph at lines 1--21
\OT1/cmr/m/n/10 book-
 []


Overfull \hbox (10.00002pt too wide) in paragraph at lines 1--21
\OT1/cmr/m/n/10 ti-
 []


Overfull \hbox (11.11113pt too wide) in paragraph at lines 1--21
\OT1/cmr/m/n/10 tle
 []


Overfull \hbox (7.7778pt too wide) in paragraph at lines 1--21
\OT1/cmr/m/n/10 =
 []


Overfull \hbox (31.66675pt too wide) in paragraph at lines 1--21
\OT1/cmr/m/n/10 Comm.
 []


Overfull \hbox (8.05559pt too wide) in paragraph at lines 1--21
\OT1/cmr/m/n/10 of
 []


Overfull \hbox (13.88892pt too wide) in paragraph at lines 1--21
\OT1/cmr/m/n/10 the
 []


Overfull \hbox (26.38893pt too wide) in paragraph at lines 1--21
\OT1/cmr/m/n/10 ACM,
 []


Overfull \hbox (17.22226pt too wide) in paragraph at lines 1--21
\OT1/cmr/m/n/10 Vol.
 []


Overfull \hbox (12.77782pt too wide) in paragraph at lines 1--21
\OT1/cmr/m/n/10 35,
 []


Overfull \hbox (15.27782pt too wide) in paragraph at lines 1--21
\OT1/cmr/m/n/10 No.
 []


Overfull \hbox (12.77782pt too wide) in paragraph at lines 1--21
\OT1/cmr/m/n/10 12,
 []


Overfull \hbox (23.94449pt too wide) in paragraph at lines 1--21
\OT1/cmr/m/n/10 pages
 []


Overfull \hbox (7.7778pt too wide) in paragraph at lines 1--21
\OT1/cmr/m/n/10 =
 []


Overfull \hbox (13.33336pt too wide) in paragraph at lines 1--21
\OT1/cmr/m/n/10 26-
 []


Overfull \hbox (12.77782pt too wide) in paragraph at lines 1--21
\OT1/cmr/m/n/10 81,
 []


Overfull \hbox (18.36115pt too wide) in paragraph at lines 1--21
\OT1/cmr/m/n/10 year
 []


Overfull \hbox (7.7778pt too wide) in paragraph at lines 1--21
\OT1/cmr/m/n/10 =
 []


Overfull \hbox (20.00006pt too wide) in paragraph at lines 1--21
\OT1/cmr/m/n/10 1992
 []


Overfull \hbox (20.27782pt too wide) in paragraph at lines 1--21
\OT1/cmr/m/n/10 @In-
 []


Overfull \hbox (19.05559pt too wide) in paragraph at lines 1--21
\OT1/cmr/m/n/10 Pro-
 []


Overfull \hbox (22.22223pt too wide) in paragraph at lines 1--21
\OT1/cmr/m/n/10 ceed-
 []


Overfull \hbox (36.36115pt too wide) in paragraph at lines 1--21
\OT1/cmr/m/n/10 ingsRes-
 []


Overfull \hbox (40.55566pt too wide) in paragraph at lines 1--21
\OT1/cmr/m/n/10 nick1997,
 []


Overfull \hbox (13.88892pt too wide) in paragraph at lines 1--21
\OT1/cmr/m/n/10 au-
 []


Overfull \hbox (18.36116pt too wide) in paragraph at lines 1--21
\OT1/cmr/m/n/10 thor
 []


Overfull \hbox (7.7778pt too wide) in paragraph at lines 1--21
\OT1/cmr/m/n/10 =
 []


Overfull \hbox (36.3056pt too wide) in paragraph at lines 1--21
\OT1/cmr/m/n/10 Resnick,
 []


Overfull \hbox (6.80557pt too wide) in paragraph at lines 1--21
\OT1/cmr/m/n/10 P
 []


Overfull \hbox (16.11116pt too wide) in paragraph at lines 1--21
\OT1/cmr/m/n/10 and
 []


Overfull \hbox (18.91669pt too wide) in paragraph at lines 1--21
\OT1/cmr/m/n/10 Var-
 []


Overfull \hbox (16.11116pt too wide) in paragraph at lines 1--21
\OT1/cmr/m/n/10 ian,
 []


Overfull \hbox (10.2778pt too wide) in paragraph at lines 1--21
\OT1/cmr/m/n/10 H,
 []


Overfull \hbox (10.00002pt too wide) in paragraph at lines 1--21
\OT1/cmr/m/n/10 ti-
 []


Overfull \hbox (11.11113pt too wide) in paragraph at lines 1--21
\OT1/cmr/m/n/10 tle
 []


Overfull \hbox (7.7778pt too wide) in paragraph at lines 1--21
\OT1/cmr/m/n/10 =
 []


Overfull \hbox (19.58333pt too wide) in paragraph at lines 1--21
\OT1/cmr/m/n/10 Rec-
 []


Overfull \hbox (16.6667pt too wide) in paragraph at lines 1--21
\OT1/cmr/m/n/10 om-
 []


Overfull \hbox (32.25006pt too wide) in paragraph at lines 1--21
\OT1/cmr/m/n/10 mender
 []


Overfull \hbox (18.11115pt too wide) in paragraph at lines 1--21
\OT1/cmr/m/n/10 Sys-
 []


Overfull \hbox (23.38893pt too wide) in paragraph at lines 1--21
\OT1/cmr/m/n/10 tems,
 []


Overfull \hbox (24.7223pt too wide) in paragraph at lines 1--21
\OT1/cmr/m/n/10 book-
 []


Overfull \hbox (10.00002pt too wide) in paragraph at lines 1--21
\OT1/cmr/m/n/10 ti-
 []


Overfull \hbox (11.11113pt too wide) in paragraph at lines 1--21
\OT1/cmr/m/n/10 tle
 []


Overfull \hbox (7.7778pt too wide) in paragraph at lines 1--21
\OT1/cmr/m/n/10 =
 []


Overfull \hbox (31.66675pt too wide) in paragraph at lines 1--21
\OT1/cmr/m/n/10 Comm.
 []


Overfull \hbox (8.05559pt too wide) in paragraph at lines 1--21
\OT1/cmr/m/n/10 of
 []


Overfull \hbox (13.88892pt too wide) in paragraph at lines 1--21
\OT1/cmr/m/n/10 the
 []


Overfull \hbox (26.38893pt too wide) in paragraph at lines 1--21
\OT1/cmr/m/n/10 ACM,
 []


Overfull \hbox (17.22226pt too wide) in paragraph at lines 1--21
\OT1/cmr/m/n/10 Vol.
 []


Overfull \hbox (12.77782pt too wide) in paragraph at lines 1--21
\OT1/cmr/m/n/10 40,
 []


Overfull \hbox (15.27782pt too wide) in paragraph at lines 1--21
\OT1/cmr/m/n/10 No.
 []


Overfull \hbox (7.7778pt too wide) in paragraph at lines 1--21
\OT1/cmr/m/n/10 3,
 []


Overfull \hbox (23.94449pt too wide) in paragraph at lines 1--21
\OT1/cmr/m/n/10 pages
 []


Overfull \hbox (7.7778pt too wide) in paragraph at lines 1--21
\OT1/cmr/m/n/10 =
 []


Overfull \hbox (13.33336pt too wide) in paragraph at lines 1--21
\OT1/cmr/m/n/10 56-
 []


Overfull \hbox (12.77782pt too wide) in paragraph at lines 1--21
\OT1/cmr/m/n/10 89,
 []


Overfull \hbox (18.36115pt too wide) in paragraph at lines 1--21
\OT1/cmr/m/n/10 year
 []


Overfull \hbox (7.7778pt too wide) in paragraph at lines 1--21
\OT1/cmr/m/n/10 =
 []


Overfull \hbox (20.00006pt too wide) in paragraph at lines 1--21
\OT1/cmr/m/n/10 1997
 []


! LaTeX Error: The font size command \normalsize is not defined:
               there is probably something wrong with the class file.

See the LaTeX manual or LaTeX Companion for explanation.
Type  H <return>  for immediate help.
 ...                                              
                                                  
l.21 
     
? 
[1]

! LaTeX Error: Missing \begin{document}.

See the LaTeX manual or LaTeX Companion for explanation.
Type  H <return>  for immediate help.
 ...                                              
                                                  
l.22 @
      InProceedings{Kita2002,
? 

Overfull \hbox (131.3336pt too wide) in paragraph at lines 22--42
[]\OT1/cmr/m/n/10 @InProceedingsKita2002,
 []


Overfull \hbox (13.88892pt too wide) in paragraph at lines 22--42
\OT1/cmr/m/n/10 au-
 []


Overfull \hbox (18.36116pt too wide) in paragraph at lines 22--42
\OT1/cmr/m/n/10 thor
 []


Overfull \hbox (7.7778pt too wide) in paragraph at lines 22--42
\OT1/cmr/m/n/10 =
 []


Overfull \hbox (9.62216pt too wide) in paragraph at lines 22--42
\JY1/mc/m/n/10 北
 []


Overfull \hbox (9.62216pt too wide) in paragraph at lines 22--42
\JY1/mc/m/n/10 研
 []


Overfull \hbox (9.62216pt too wide) in paragraph at lines 22--42
\JY1/mc/m/n/10 二
 []


Overfull \hbox (16.11116pt too wide) in paragraph at lines 22--42
\OT1/cmr/m/n/10 and
 []


Overfull \hbox (9.62216pt too wide) in paragraph at lines 22--42
\JY1/mc/m/n/10 津
 []


Overfull \hbox (9.62216pt too wide) in paragraph at lines 22--42
\JY1/mc/m/n/10 田
 []


Overfull \hbox (9.62216pt too wide) in paragraph at lines 22--42
\JY1/mc/m/n/10 和
 []


Overfull \hbox (9.62216pt too wide) in paragraph at lines 22--42
\JY1/mc/m/n/10 彦
 []


Overfull \hbox (16.11116pt too wide) in paragraph at lines 22--42
\OT1/cmr/m/n/10 and
 []


Overfull \hbox (17.0965pt too wide) in paragraph at lines 22--42
\JY1/mc/m/n/10 獅 々
 []


Overfull \hbox (9.62216pt too wide) in paragraph at lines 22--42
\JY1/mc/m/n/10 堀
 []


Overfull \hbox (9.62216pt too wide) in paragraph at lines 22--42
\JY1/mc/m/n/10 正
 []


Overfull \hbox (9.62216pt too wide) in paragraph at lines 22--42
\JY1/mc/m/n/10 幹
 []


Overfull \hbox (2.77779pt too wide) in paragraph at lines 22--42
\OT1/cmr/m/n/10 ,
 []


Overfull \hbox (10.00002pt too wide) in paragraph at lines 22--42
\OT1/cmr/m/n/10 ti-
 []


Overfull \hbox (11.11113pt too wide) in paragraph at lines 22--42
\OT1/cmr/m/n/10 tle
 []


Overfull \hbox (7.7778pt too wide) in paragraph at lines 22--42
\OT1/cmr/m/n/10 =
 []


Overfull \hbox (9.62216pt too wide) in paragraph at lines 22--42
\JY1/mc/m/n/10 情
 []


Overfull \hbox (9.62216pt too wide) in paragraph at lines 22--42
\JY1/mc/m/n/10 報
 []


Overfull \hbox (9.62216pt too wide) in paragraph at lines 22--42
\JY1/mc/m/n/10 検
 []


Overfull \hbox (9.62216pt too wide) in paragraph at lines 22--42
\JY1/mc/m/n/10 索
 []


Overfull \hbox (9.62216pt too wide) in paragraph at lines 22--42
\JY1/mc/m/n/10 ア
 []


Overfull \hbox (9.62216pt too wide) in paragraph at lines 22--42
\JY1/mc/m/n/10 ル
 []


Overfull \hbox (9.62216pt too wide) in paragraph at lines 22--42
\JY1/mc/m/n/10 ゴ
 []


Overfull \hbox (9.62216pt too wide) in paragraph at lines 22--42
\JY1/mc/m/n/10 リ
 []


Overfull \hbox (9.62216pt too wide) in paragraph at lines 22--42
\JY1/mc/m/n/10 ズ
 []


Overfull \hbox (9.62216pt too wide) in paragraph at lines 22--42
\JY1/mc/m/n/10 ム
 []


Overfull \hbox (2.77779pt too wide) in paragraph at lines 22--42
\OT1/cmr/m/n/10 ,
 []


Overfull \hbox (24.7223pt too wide) in paragraph at lines 22--42
\OT1/cmr/m/n/10 book-
 []


Overfull \hbox (10.00002pt too wide) in paragraph at lines 22--42
\OT1/cmr/m/n/10 ti-
 []


Overfull \hbox (11.11113pt too wide) in paragraph at lines 22--42
\OT1/cmr/m/n/10 tle
 []


Overfull \hbox (7.7778pt too wide) in paragraph at lines 22--42
\OT1/cmr/m/n/10 =
 []


Overfull \hbox (9.62216pt too wide) in paragraph at lines 22--42
\JY1/mc/m/n/10 共
 []


Overfull \hbox (9.62216pt too wide) in paragraph at lines 22--42
\JY1/mc/m/n/10 立
 []


Overfull \hbox (9.62216pt too wide) in paragraph at lines 22--42
\JY1/mc/m/n/10 出
 []


Overfull \hbox (9.62216pt too wide) in paragraph at lines 22--42
\JY1/mc/m/n/10 版
 []


Overfull \hbox (2.77779pt too wide) in paragraph at lines 22--42
\OT1/cmr/m/n/10 ,
 []


Overfull \hbox (18.36115pt too wide) in paragraph at lines 22--42
\OT1/cmr/m/n/10 year
 []


Overfull \hbox (7.7778pt too wide) in paragraph at lines 22--42
\OT1/cmr/m/n/10 =
 []


Overfull \hbox (20.00006pt too wide) in paragraph at lines 22--42
\OT1/cmr/m/n/10 2002
 []


Overfull \hbox (20.27782pt too wide) in paragraph at lines 22--42
\OT1/cmr/m/n/10 @In-
 []


Overfull \hbox (19.05559pt too wide) in paragraph at lines 22--42
\OT1/cmr/m/n/10 Pro-
 []


Overfull \hbox (22.22223pt too wide) in paragraph at lines 22--42
\OT1/cmr/m/n/10 ceed-
 []


Overfull \hbox (59.50017pt too wide) in paragraph at lines 22--42
\OT1/cmr/m/n/10 ingsShin2004,
 []


Overfull \hbox (13.88892pt too wide) in paragraph at lines 22--42
\OT1/cmr/m/n/10 au-
 []


Overfull \hbox (18.36116pt too wide) in paragraph at lines 22--42
\OT1/cmr/m/n/10 thor
 []


Overfull \hbox (7.7778pt too wide) in paragraph at lines 22--42
\OT1/cmr/m/n/10 =
 []


Overfull \hbox (9.62216pt too wide) in paragraph at lines 22--42
\JY1/mc/m/n/10 兼
 []


Overfull \hbox (9.62216pt too wide) in paragraph at lines 22--42
\JY1/mc/m/n/10 宗
 []


Overfull \hbox (9.62216pt too wide) in paragraph at lines 22--42
\JY1/mc/m/n/10 進
 []


Overfull \hbox (2.77779pt too wide) in paragraph at lines 22--42
\OT1/cmr/m/n/10 ,
 []


Overfull \hbox (10.00002pt too wide) in paragraph at lines 22--42
\OT1/cmr/m/n/10 ti-
 []


Overfull \hbox (11.11113pt too wide) in paragraph at lines 22--42
\OT1/cmr/m/n/10 tle
 []


Overfull \hbox (7.7778pt too wide) in paragraph at lines 22--42
\OT1/cmr/m/n/10 =
 []


Overfull \hbox (9.62216pt too wide) in paragraph at lines 22--42
\JY1/mc/m/n/10 検
 []


Overfull \hbox (9.62216pt too wide) in paragraph at lines 22--42
\JY1/mc/m/n/10 索
 []


Overfull \hbox (9.62216pt too wide) in paragraph at lines 22--42
\JY1/mc/m/n/10 エ
 []


Overfull \hbox (9.62216pt too wide) in paragraph at lines 22--42
\JY1/mc/m/n/10 ン
 []


Overfull \hbox (9.62216pt too wide) in paragraph at lines 22--42
\JY1/mc/m/n/10 ジ
 []


Overfull \hbox (9.62216pt too wide) in paragraph at lines 22--42
\JY1/mc/m/n/10 ン
 []


Overfull \hbox (9.62216pt too wide) in paragraph at lines 22--42
\JY1/mc/m/n/10 の
 []


Overfull \hbox (9.62216pt too wide) in paragraph at lines 22--42
\JY1/mc/m/n/10 検
 []


Overfull \hbox (9.62216pt too wide) in paragraph at lines 22--42
\JY1/mc/m/n/10 索
 []


Overfull \hbox (9.62216pt too wide) in paragraph at lines 22--42
\JY1/mc/m/n/10 ア
 []


Overfull \hbox (9.62216pt too wide) in paragraph at lines 22--42
\JY1/mc/m/n/10 ル
 []


Overfull \hbox (9.62216pt too wide) in paragraph at lines 22--42
\JY1/mc/m/n/10 ゴ
 []


Overfull \hbox (9.62216pt too wide) in paragraph at lines 22--42
\JY1/mc/m/n/10 リ
 []


Overfull \hbox (9.62216pt too wide) in paragraph at lines 22--42
\JY1/mc/m/n/10 ズ
 []


Overfull \hbox (9.62216pt too wide) in paragraph at lines 22--42
\JY1/mc/m/n/10 ム
 []


Overfull \hbox (2.77779pt too wide) in paragraph at lines 22--42
\OT1/cmr/m/n/10 ,
 []


Overfull \hbox (24.7223pt too wide) in paragraph at lines 22--42
\OT1/cmr/m/n/10 book-
 []


Overfull \hbox (10.00002pt too wide) in paragraph at lines 22--42
\OT1/cmr/m/n/10 ti-
 []


Overfull \hbox (11.11113pt too wide) in paragraph at lines 22--42
\OT1/cmr/m/n/10 tle
 []


Overfull \hbox (7.7778pt too wide) in paragraph at lines 22--42
\OT1/cmr/m/n/10 =
 []


Overfull \hbox (9.62216pt too wide) in paragraph at lines 22--42
\JY1/mc/m/n/10 情
 []


Overfull \hbox (9.62216pt too wide) in paragraph at lines 22--42
\JY1/mc/m/n/10 報
 []


Overfull \hbox (9.62216pt too wide) in paragraph at lines 22--42
\JY1/mc/m/n/10 の
 []


Overfull \hbox (9.62216pt too wide) in paragraph at lines 22--42
\JY1/mc/m/n/10 科
 []


Overfull \hbox (9.62216pt too wide) in paragraph at lines 22--42
\JY1/mc/m/n/10 学
 []


Overfull \hbox (9.62216pt too wide) in paragraph at lines 22--42
\JY1/mc/m/n/10 と
 []


Overfull \hbox (9.62216pt too wide) in paragraph at lines 22--42
\JY1/mc/m/n/10 技
 []


Overfull \hbox (12.39995pt too wide) in paragraph at lines 22--42
\JY1/mc/m/n/10 術\OT1/cmr/m/n/10 .
 []


Overfull \hbox (27.22229pt too wide) in paragraph at lines 22--42
\OT1/cmr/m/n/10 Vol54,
 []


Overfull \hbox (20.27783pt too wide) in paragraph at lines 22--42
\OT1/cmr/m/n/10 No2,
 []


Overfull \hbox (23.94449pt too wide) in paragraph at lines 22--42
\OT1/cmr/m/n/10 pages
 []


Overfull \hbox (7.7778pt too wide) in paragraph at lines 22--42
\OT1/cmr/m/n/10 =
 []


Overfull \hbox (13.33336pt too wide) in paragraph at lines 22--42
\OT1/cmr/m/n/10 78-
 []


Overfull \hbox (12.77782pt too wide) in paragraph at lines 22--42
\OT1/cmr/m/n/10 83,
 []


Overfull \hbox (18.36115pt too wide) in paragraph at lines 22--42
\OT1/cmr/m/n/10 year
 []


Overfull \hbox (7.7778pt too wide) in paragraph at lines 22--42
\OT1/cmr/m/n/10 =
 []


Overfull \hbox (20.00006pt too wide) in paragraph at lines 22--42
\OT1/cmr/m/n/10 2004
 []


Overfull \hbox (20.27782pt too wide) in paragraph at lines 22--42
\OT1/cmr/m/n/10 @In-
 []


Overfull \hbox (19.05559pt too wide) in paragraph at lines 22--42
\OT1/cmr/m/n/10 Pro-
 []


Overfull \hbox (22.22223pt too wide) in paragraph at lines 22--42
\OT1/cmr/m/n/10 ceed-
 []


Overfull \hbox (27.83337pt too wide) in paragraph at lines 22--42
\OT1/cmr/m/n/10 ingsT-
 []


Overfull \hbox (42.83345pt too wide) in paragraph at lines 22--42
\OT1/cmr/m/n/10 suda2000,
 []


Overfull \hbox (13.88892pt too wide) in paragraph at lines 22--42
\OT1/cmr/m/n/10 au-
 []


Overfull \hbox (18.36116pt too wide) in paragraph at lines 22--42
\OT1/cmr/m/n/10 thor
 []


Overfull \hbox (7.7778pt too wide) in paragraph at lines 22--42
\OT1/cmr/m/n/10 =
 []


Overfull \hbox (9.62216pt too wide) in paragraph at lines 22--42
\JY1/mc/m/n/10 津
 []


Overfull \hbox (9.62216pt too wide) in paragraph at lines 22--42
\JY1/mc/m/n/10 田
 []


Overfull \hbox (9.62216pt too wide) in paragraph at lines 22--42
\JY1/mc/m/n/10 宏
 []


Overfull \hbox (9.62216pt too wide) in paragraph at lines 22--42
\JY1/mc/m/n/10 治
 []


Overfull \hbox (2.77779pt too wide) in paragraph at lines 22--42
\OT1/cmr/m/n/10 ,
 []


Overfull \hbox (10.00002pt too wide) in paragraph at lines 22--42
\OT1/cmr/m/n/10 ti-
 []


Overfull \hbox (11.11113pt too wide) in paragraph at lines 22--42
\OT1/cmr/m/n/10 tle
 []


Overfull \hbox (7.7778pt too wide) in paragraph at lines 22--42
\OT1/cmr/m/n/10 =
 []


Overfull \hbox (9.62216pt too wide) in paragraph at lines 22--42
\JY1/mc/m/n/10 サ
 []


Overfull \hbox (18.74432pt too wide) in paragraph at lines 22--42
\JY1/mc/m/n/10 ポ ー
 []


Overfull \hbox (9.62216pt too wide) in paragraph at lines 22--42
\JY1/mc/m/n/10 ト
 []


Overfull \hbox (9.62216pt too wide) in paragraph at lines 22--42
\JY1/mc/m/n/10 ベ
 []


Overfull \hbox (9.62216pt too wide) in paragraph at lines 22--42
\JY1/mc/m/n/10 ク
 []


Overfull \hbox (18.74432pt too wide) in paragraph at lines 22--42
\JY1/mc/m/n/10 タ ー
 []


Overfull \hbox (9.62216pt too wide) in paragraph at lines 22--42
\JY1/mc/m/n/10 マ
 []


Overfull \hbox (9.62216pt too wide) in paragraph at lines 22--42
\JY1/mc/m/n/10 シ
 []


Overfull \hbox (9.62216pt too wide) in paragraph at lines 22--42
\JY1/mc/m/n/10 ン
 []


Overfull \hbox (9.62216pt too wide) in paragraph at lines 22--42
\JY1/mc/m/n/10 と
 []


Overfull \hbox (9.62216pt too wide) in paragraph at lines 22--42
\JY1/mc/m/n/10 は
 []


Overfull \hbox (9.62216pt too wide) in paragraph at lines 22--42
\JY1/mc/m/n/10 何
 []


Overfull \hbox (9.62216pt too wide) in paragraph at lines 22--42
\JY1/mc/m/n/10 か
 []


Overfull \hbox (2.77779pt too wide) in paragraph at lines 22--42
\OT1/cmr/m/n/10 ,
 []


Overfull \hbox (24.7223pt too wide) in paragraph at lines 22--42
\OT1/cmr/m/n/10 book-
 []


Overfull \hbox (10.00002pt too wide) in paragraph at lines 22--42
\OT1/cmr/m/n/10 ti-
 []


Overfull \hbox (11.11113pt too wide) in paragraph at lines 22--42
\OT1/cmr/m/n/10 tle
 []


Overfull \hbox (7.7778pt too wide) in paragraph at lines 22--42
\OT1/cmr/m/n/10 =
 []


Overfull \hbox (17.22224pt too wide) in paragraph at lines 22--42
\OT1/cmr/m/n/10 The
 []


Overfull \hbox (22.94449pt too wide) in paragraph at lines 22--42
\OT1/cmr/m/n/10 Jour-
 []


Overfull \hbox (13.33337pt too wide) in paragraph at lines 22--42
\OT1/cmr/m/n/10 nal
 []


Overfull \hbox (8.05559pt too wide) in paragraph at lines 22--42
\OT1/cmr/m/n/10 of
 []


Overfull \hbox (13.88892pt too wide) in paragraph at lines 22--42
\OT1/cmr/m/n/10 the
 []


Overfull \hbox (12.50002pt too wide) in paragraph at lines 22--42
\OT1/cmr/m/n/10 In-
 []


Overfull \hbox (13.94446pt too wide) in paragraph at lines 22--42
\OT1/cmr/m/n/10 sti-
 []


Overfull \hbox (17.77782pt too wide) in paragraph at lines 22--42
\OT1/cmr/m/n/10 tute
 []


Overfull \hbox (8.05559pt too wide) in paragraph at lines 22--42
\OT1/cmr/m/n/10 of
 []


Overfull \hbox (21.80557pt too wide) in paragraph at lines 22--42
\OT1/cmr/m/n/10 Elec-
 []


Overfull \hbox (21.69449pt too wide) in paragraph at lines 22--42
\OT1/cmr/m/n/10 tron-
 []


Overfull \hbox (13.94446pt too wide) in paragraph at lines 22--42
\OT1/cmr/m/n/10 ics,
 []


Overfull \hbox (12.50002pt too wide) in paragraph at lines 22--42
\OT1/cmr/m/n/10 In-
 []


Overfull \hbox (15.30559pt too wide) in paragraph at lines 22--42
\OT1/cmr/m/n/10 for-
 []


Overfull \hbox (16.6667pt too wide) in paragraph at lines 22--42
\OT1/cmr/m/n/10 ma-
 []


Overfull \hbox (20.00006pt too wide) in paragraph at lines 22--42
\OT1/cmr/m/n/10 tion,
 []


Overfull \hbox (16.11116pt too wide) in paragraph at lines 22--42
\OT1/cmr/m/n/10 and
 []


Overfull \hbox (23.88893pt too wide) in paragraph at lines 22--42
\OT1/cmr/m/n/10 Com-
 []


Overfull \hbox (16.94447pt too wide) in paragraph at lines 22--42
\OT1/cmr/m/n/10 mu-
 []


Overfull \hbox (11.66669pt too wide) in paragraph at lines 22--42
\OT1/cmr/m/n/10 ni-
 []


Overfull \hbox (12.77779pt too wide) in paragraph at lines 22--42
\OT1/cmr/m/n/10 ca-
 []


Overfull \hbox (17.22227pt too wide) in paragraph at lines 22--42
\OT1/cmr/m/n/10 tion
 []


Overfull \hbox (15.69447pt too wide) in paragraph at lines 22--42
\OT1/cmr/m/n/10 En-
 []


Overfull \hbox (11.11113pt too wide) in paragraph at lines 22--42
\OT1/cmr/m/n/10 gi-
 []


Overfull \hbox (22.30557pt too wide) in paragraph at lines 22--42
\OT1/cmr/m/n/10 neers
 []


Overfull \hbox (25.55563pt too wide) in paragraph at lines 22--42
\OT1/cmr/m/n/10 83(6),
 []


Overfull \hbox (23.94449pt too wide) in paragraph at lines 22--42
\OT1/cmr/m/n/10 pages
 []


Overfull \hbox (7.7778pt too wide) in paragraph at lines 22--42
\OT1/cmr/m/n/10 =
 []


Overfull \hbox (18.33337pt too wide) in paragraph at lines 22--42
\OT1/cmr/m/n/10 460-
 []


Overfull \hbox (17.77783pt too wide) in paragraph at lines 22--42
\OT1/cmr/m/n/10 466,
 []


Overfull \hbox (18.36115pt too wide) in paragraph at lines 22--42
\OT1/cmr/m/n/10 year
 []


Overfull \hbox (7.7778pt too wide) in paragraph at lines 22--42
\OT1/cmr/m/n/10 =
 []


Overfull \hbox (20.