This is pTeX, Version 3.141592-p3.1.9 (sjis) (Web2C 7.5.4) (format=platex-sjis 2005.11.2)  5 JAN 2010 21:12
**apendix_.tex
(./apendix_.tex
pLaTeX2e <2005/01/04>+0 (based on LaTeX2e <2003/12/01> patch level 0)
(/usr/local/share/texmf/ptex/platex/base/jreport.cls
Document Class: jreport 2002/04/09 v1.4 Standard pLaTeX class
\c@@paper=\count81
(/usr/local/share/texmf/ptex/platex/base/jsize11.clo
File: jsize11.clo 2002/04/09 v1.4 Standard pLaTeX file (size option)
)
\c@part=\count82
\c@chapter=\count83
\c@section=\count84
\c@subsection=\count85
\c@subsubsection=\count86
\c@paragraph=\count87
\c@subparagraph=\count88
\c@figure=\count89
\c@table=\count90
\abovecaptionskip=\skip41
\belowcaptionskip=\skip42
\symmincho=\mathgroup4
LaTeX Font Info:    Overwriting symbol font `mincho' in version `bold'
(Font)                  JY1/mc/m/n --> JY1/gt/m/n on input line 673.
LaTeX Info: Redefining \mathrm on input line 675.
LaTeX Info: Redefining \mathbf on input line 676.
\toclineskip=\dimen118
\@lnumwidth=\dimen119
\bibindent=\dimen120
\heisei=\count91
)
\@input{begin.aux}
\openout2 = `begin.aux'.

No file begin.tex.
\@input{end.aux}
\openout2 = `end.aux'.

No file end.tex.
)
*
! Emergency stop.
<*> apendix_.tex
                
End of file on the terminal!

 
Here is how much of TeX's memory you used:
 264 strings out of 95552
 2679 string characters out of 1187504
 50297 words of memory out of 1000000
 3494 multiletter control sequences out of 10000+50000
 8274 words of font info for 34 fonts, out of 500000 for 2000
 14 hyphenation exceptions out of 1000
 22i,0n,19p,117b,40s stack positions out of 1500i,500n,5000p,200000b,5000s
No pages of output.
